0.100 3.310 3.279
0.200 1.928 2.700
0.300 1.406 2.412
0.400 1.126 2.230
0.500 0.946 2.096
0.600 0.822 1.994
0.700 0.727 1.905
0.800 0.655 1.834
0.900 0.597 1.775
1.000 0.550 1.721
1.100 0.510 1.674
1.200 0.476 1.634
1.300 0.446 1.594
1.400 0.421 1.562
1.500 0.399 1.529
1.600 0.378 1.499
1.700 0.361 1.472
1.800 0.344 1.447
1.900 0.330 1.424
2.000 0.317 1.403
2.100 0.304 1.380
2.200 0.293 1.361
2.300 0.283 1.344
2.400 0.273 1.325
2.500 0.264 1.310
2.600 0.256 1.295
2.700 0.248 1.279
2.800 0.242 1.266
2.900 0.235 1.251
3.000 0.228 1.240
3.100 0.222 1.226
3.200 0.216 1.212
3.300 0.211 1.203
3.400 0.206 1.191
3.500 0.202 1.182
3.600 0.197 1.171
3.700 0.192 1.160
3.800 0.189 1.152
3.900 0.185 1.142
4.000 0.181 1.132
4.100 0.177 1.123
4.200 0.174 1.116
4.300 0.171 1.107
4.400 0.167 1.099
4.500 0.164 1.091
4.600 0.162 1.085
4.700 0.159 1.077
4.800 0.156 1.070
4.900 0.153 1.062
5.000 0.151 1.058
5.100 0.149 1.051
5.200 0.146 1.044
5.300 0.144 1.037
5.400 0.142 1.031
5.500 0.140 1.027
5.600 0.138 1.021
5.700 0.136 1.015
5.800 0.134 1.009
5.900 0.132 1.003
6.000 0.130 1.000
6.100 0.129 0.995
6.200 0.127 0.989
6.300 0.125 0.984
6.400 0.124 0.979
6.500 0.122 0.974
6.600 0.120 0.969
6.700 0.119 0.967
6.800 0.118 0.962
6.900 0.116 0.958
7.000 0.115 0.953
7.100 0.114 0.949
7.200 0.112 0.944
7.300 0.111 0.940
7.400 0.110 0.938
7.500 0.109 0.934
7.600 0.108 0.930
7.700 0.107 0.926
7.800 0.105 0.922
7.900 0.104 0.919
8.000 0.103 0.915
8.100 0.102 0.911
8.200 0.101 0.908
8.300 0.100 0.906
8.400 0.099 0.903
8.500 0.099 0.900
8.600 0.098 0.896
8.700 0.097 0.893
8.800 0.096 0.890
8.900 0.095 0.886
9.000 0.094 0.883
9.100 0.093 0.880
9.200 0.092 0.877
9.300 0.092 0.876
9.400 0.091 0.874
9.500 0.090 0.871
9.600 0.089 0.868
9.700 0.089 0.865
9.800 0.088 0.862
9.900 0.087 0.859
10.000 0.087 0.857
