0.100 13.829 13.697
0.200 6.503 9.108
0.300 4.467 7.663
0.400 3.448 6.830
0.500 2.831 6.269
0.600 2.414 5.857
0.700 2.111 5.532
0.800 1.883 5.275
0.900 1.700 5.053
1.000 1.554 4.866
1.100 1.433 4.707
1.200 1.329 4.559
1.300 1.243 4.439
1.400 1.166 4.322
1.500 1.099 4.217
1.600 1.041 4.123
1.700 0.989 4.037
1.800 0.942 3.958
1.900 0.900 3.886
2.000 0.862 3.820
2.100 0.828 3.759
2.200 0.797 3.702
2.300 0.766 3.639
2.400 0.740 3.590
2.500 0.716 3.544
2.600 0.691 3.491
2.700 0.670 3.451
2.800 0.651 3.412
2.900 0.631 3.367
3.000 0.614 3.333
3.100 0.597 3.292
3.200 0.582 3.262
3.300 0.567 3.224
3.400 0.552 3.189
3.500 0.540 3.162
3.600 0.527 3.129
3.700 0.515 3.105
3.800 0.504 3.075
3.900 0.492 3.045
4.000 0.483 3.024
4.100 0.473 2.997
4.200 0.464 2.978
4.300 0.455 2.952
4.400 0.446 2.927
4.500 0.438 2.910
4.600 0.430 2.887
4.700 0.422 2.864
4.800 0.414 2.842
4.900 0.408 2.828
5.000 0.401 2.807
5.100 0.394 2.787
5.200 0.388 2.774
5.300 0.382 2.755
5.400 0.376 2.736
5.500 0.370 2.718
5.600 0.365 2.707
5.700 0.360 2.689
5.800 0.354 2.672
5.900 0.349 2.656
6.000 0.344 2.640
6.100 0.340 2.631
6.200 0.335 2.615
6.300 0.331 2.600
6.400 0.326 2.585
6.500 0.322 2.571
6.600 0.319 2.563
6.700 0.314 2.549
6.800 0.310 2.536
6.900 0.307 2.522
7.000 0.303 2.509
7.100 0.300 2.503
7.200 0.296 2.490
7.300 0.293 2.478
7.400 0.289 2.466
7.500 0.286 2.454
7.600 0.284 2.449
7.700 0.280 2.437
7.800 0.277 2.426
7.900 0.274 2.415
8.000 0.271 2.404
8.100 0.268 2.393
8.200 0.266 2.383
8.300 0.264 2.378
8.400 0.261 2.368
8.500 0.258 2.358
8.600 0.256 2.349
8.700 0.253 2.339
8.800 0.251 2.329
8.900 0.248 2.320
9.000 0.247 2.317
9.100 0.244 2.308
9.200 0.242 2.299
9.300 0.240 2.290
9.400 0.238 2.281
9.500 0.235 2.273
9.600 0.233 2.264
9.700 0.231 2.256
9.800 0.230 2.253
9.900 0.228 2.245
10.000 0.226 2.237
