0.100 2.770 2.743
0.200 1.632 2.286
0.300 1.194 2.049
0.400 0.959 1.899
0.500 0.807 1.787
0.600 0.701 1.701
0.700 0.621 1.626
0.800 0.559 1.566
0.900 0.510 1.516
1.000 0.469 1.469
1.100 0.435 1.430
1.200 0.405 1.391
1.300 0.381 1.360
1.400 0.359 1.329
1.500 0.339 1.301
1.600 0.322 1.276
1.700 0.307 1.253
1.800 0.293 1.232
1.900 0.281 1.212
2.000 0.269 1.193
2.100 0.259 1.174
2.200 0.249 1.158
2.300 0.241 1.143
2.400 0.232 1.126
2.500 0.225 1.113
2.600 0.217 1.098
2.700 0.211 1.087
2.800 0.205 1.073
2.900 0.199 1.063
3.000 0.194 1.051
3.100 0.188 1.039
3.200 0.184 1.030
3.300 0.179 1.019
3.400 0.175 1.011
3.500 0.171 1.001
3.600 0.167 0.992
3.700 0.164 0.985
3.800 0.160 0.976
3.900 0.156 0.967
4.000 0.153 0.959
4.100 0.150 0.954
4.200 0.147 0.946
4.300 0.144 0.938
4.400 0.142 0.931
4.500 0.139 0.926
4.600 0.137 0.919
4.700 0.134 0.913
4.800 0.132 0.906
4.900 0.130 0.900
5.000 0.128 0.896
5.100 0.126 0.890
5.200 0.124 0.884
5.300 0.122 0.879
5.400 0.120 0.873
5.500 0.118 0.870
5.600 0.117 0.865
5.700 0.115 0.860
5.800 0.113 0.855
5.900 0.112 0.850
6.000 0.110 0.845
6.100 0.109 0.843
6.200 0.108 0.838
6.300 0.106 0.834
6.400 0.105 0.830
6.500 0.103 0.826
6.600 0.102 0.822
6.700 0.101 0.817
6.800 0.100 0.816
6.900 0.099 0.812
7.000 0.098 0.808
7.100 0.096 0.804
7.200 0.095 0.801
7.300 0.094 0.797
7.400 0.093 0.794
7.500 0.092 0.790
7.600 0.091 0.789
7.700 0.090 0.786
7.800 0.089 0.782
7.900 0.089 0.779
8.000 0.088 0.776
8.100 0.087 0.773
8.200 0.086 0.770
8.300 0.085 0.767
8.400 0.084 0.764
8.500 0.083 0.762
8.600 0.083 0.761
8.700 0.082 0.758
8.800 0.081 0.755
8.900 0.081 0.753
9.000 0.080 0.750
9.100 0.079 0.748
9.200 0.078 0.746
9.300 0.078 0.744
9.400 0.078 0.745
9.500 0.077 0.748
9.600 2668055.189 25891960.093
9.700 569213.667 5552591.068
9.800 -1511843.263 -14823621.269
9.900 -0.021 -0.209
10.000 -0.075 -0.738
