0.100 6.228 6.169
0.200 3.319 4.650
0.300 2.355 4.039
0.400 1.852 3.669
0.500 1.541 3.413
0.600 1.329 3.223
0.700 1.169 3.064
0.800 1.051 2.945
0.900 0.954 2.834
1.000 0.875 2.740
1.100 0.812 2.666
1.200 0.755 2.590
1.300 0.708 2.529
1.400 0.666 2.468
1.500 0.631 2.420
1.600 0.598 2.371
1.700 0.569 2.326
1.800 0.544 2.284
1.900 0.520 2.246
2.000 0.499 2.211
2.100 0.480 2.179
2.200 0.462 2.148
2.300 0.446 2.120
2.400 0.430 2.088
2.500 0.417 2.063
2.600 0.404 2.040
2.700 0.391 2.013
2.800 0.380 1.992
2.900 0.369 1.967
3.000 0.359 1.949
3.100 0.349 1.926
3.200 0.341 1.910
3.300 0.332 1.889
3.400 0.324 1.874
3.500 0.317 1.855
3.600 0.310 1.841
3.700 0.303 1.823
3.800 0.297 1.811
3.900 0.290 1.794
4.000 0.284 1.778
4.100 0.279 1.767
4.200 0.273 1.752
4.300 0.268 1.738
4.400 0.263 1.728
4.500 0.258 1.714
4.600 0.253 1.701
4.700 0.249 1.688
4.800 0.245 1.680
4.900 0.241 1.668
5.000 0.236 1.656
5.100 0.233 1.648
5.200 0.229 1.637
5.300 0.226 1.626
5.400 0.222 1.615
5.500 0.219 1.609
5.600 0.216 1.599
5.700 0.212 1.589
5.800 0.209 1.579
5.900 0.206 1.570
6.000 0.204 1.564
6.100 0.201 1.555
6.200 0.198 1.546
6.300 0.196 1.538
6.400 0.193 1.529
6.500 0.191 1.525
6.600 0.188 1.516
6.700 0.186 1.508
6.800 0.184 1.501
6.900 0.181 1.493
7.000 0.180 1.489
7.100 0.178 1.482
7.200 0.175 1.474
7.300 0.173 1.467
7.400 0.171 1.460
7.500 0.169 1.453
7.600 0.168 1.447
7.700 0.166 1.444
7.800 0.164 1.437
7.900 0.163 1.431
8.000 0.161 1.424
8.100 0.159 1.418
8.200 0.157 1.412
8.300 0.156 1.406
8.400 0.155 1.404
8.500 0.153 1.398
8.600 0.152 1.392
8.700 0.150 1.386
8.800 0.149 1.381
8.900 0.147 1.375
9.000 0.146 1.370
9.100 0.144 1.365
9.200 0.143 1.363
9.300 0.142 1.358
9.400 0.141 1.353
9.500 0.140 1.348
9.600 0.138 1.343
9.700 0.137 1.338
9.800 0.136 1.333
9.900 0.135 1.328
10.000 0.134 1.324
