0.100 3.315 3.283
0.200 1.935 2.711
0.300 1.411 2.421
0.400 1.130 2.239
0.500 0.950 2.104
0.600 0.825 2.002
0.700 0.730 1.913
0.800 0.657 1.842
0.900 0.600 1.783
1.000 0.552 1.728
1.100 0.512 1.681
1.200 0.478 1.640
1.300 0.448 1.600
1.400 0.423 1.568
1.500 0.400 1.535
1.600 0.380 1.506
1.700 0.362 1.478
1.800 0.346 1.453
1.900 0.331 1.430
2.000 0.318 1.409
2.100 0.305 1.386
2.200 0.294 1.367
2.300 0.284 1.350
2.400 0.274 1.330
2.500 0.266 1.315
2.600 0.258 1.301
2.700 0.250 1.284
2.800 0.243 1.271
2.900 0.236 1.256
3.000 0.229 1.242
3.100 0.223 1.231
3.200 0.217 1.218
3.300 0.212 1.208
3.400 0.207 1.196
3.500 0.202 1.184
3.600 0.198 1.176
3.700 0.193 1.165
3.800 0.189 1.154
3.900 0.185 1.147
4.000 0.181 1.137
4.100 0.178 1.127
4.200 0.175 1.121
4.300 0.171 1.112
4.400 0.168 1.104
4.500 0.165 1.095
4.600 0.162 1.090
4.700 0.159 1.082
4.800 0.157 1.074
4.900 0.154 1.067
5.000 0.152 1.062
5.100 0.149 1.055
5.200 0.147 1.048
5.300 0.144 1.042
5.400 0.142 1.035
5.500 0.140 1.031
5.600 0.138 1.025
5.700 0.136 1.019
5.800 0.134 1.013
5.900 0.132 1.008
6.000 0.131 1.002
6.100 0.129 0.999
6.200 0.127 0.994
6.300 0.126 0.988
6.400 0.124 0.983
6.500 0.122 0.978
6.600 0.121 0.973
6.700 0.120 0.971
6.800 0.118 0.966
6.900 0.117 0.962
7.000 0.115 0.957
7.100 0.114 0.953
7.200 0.113 0.948
7.300 0.112 0.944
7.400 0.110 0.940
7.500 0.109 0.938
7.600 0.108 0.934
7.700 0.107 0.930
7.800 0.106 0.926
7.900 0.105 0.923
8.000 0.104 0.919
8.100 0.103 0.915
8.200 0.102 0.912
8.300 0.101 0.910
8.400 0.100 0.907
8.500 0.099 0.903
8.600 0.098 0.900
8.700 0.097 0.897
8.800 0.096 0.893
8.900 0.095 0.890
9.000 0.094 0.887
9.100 0.094 0.884
9.200 0.093 0.881
9.300 0.092 0.880
9.400 0.091 0.877
9.500 0.091 0.874
9.600 0.090 0.872
9.700 0.089 0.869
9.800 0.088 0.866
9.900 0.088 0.863
10.000 0.087 0.860
