0.100 11.085 10.979
0.200 5.291 7.411
0.300 3.635 6.236
0.400 2.818 5.582
0.500 2.323 5.145
0.600 1.984 4.814
0.700 1.737 4.553
0.800 1.552 4.347
0.900 1.406 4.179
1.000 1.286 4.029
1.100 1.188 3.901
1.200 1.105 3.791
1.300 1.032 3.685
1.400 0.971 3.600
1.500 0.916 3.516
1.600 0.868 3.439
1.700 0.827 3.378
1.800 0.789 3.315
1.900 0.754 3.256
2.000 0.721 3.194
2.100 0.693 3.145
2.200 0.667 3.099
2.300 0.643 3.055
2.400 0.621 3.015
2.500 0.600 2.970
2.600 0.581 2.935
2.700 0.564 2.902
2.800 0.546 2.863
2.900 0.531 2.833
3.000 0.516 2.798
3.100 0.503 2.772
3.200 0.489 2.740
3.300 0.477 2.716
3.400 0.465 2.687
3.500 0.455 2.665
3.600 0.444 2.638
3.700 0.435 2.618
3.800 0.425 2.593
3.900 0.415 2.569
4.000 0.407 2.552
4.100 0.399 2.529
4.200 0.392 2.513
4.300 0.384 2.492
4.400 0.376 2.471
4.500 0.370 2.458
4.600 0.363 2.438
4.700 0.356 2.419
4.800 0.351 2.407
4.900 0.345 2.389
5.000 0.339 2.372
5.100 0.333 2.355
5.200 0.328 2.344
5.300 0.323 2.328
5.400 0.318 2.313
5.500 0.314 2.303
5.600 0.309 2.288
5.700 0.304 2.274
5.800 0.300 2.260
5.900 0.295 2.246
6.000 0.292 2.238
6.100 0.288 2.225
6.200 0.284 2.212
6.300 0.280 2.199
6.400 0.277 2.192
6.500 0.273 2.180
6.600 0.269 2.168
6.700 0.266 2.157
6.800 0.263 2.145
6.900 0.260 2.139
7.000 0.257 2.128
7.100 0.254 2.118
7.200 0.251 2.107
7.300 0.248 2.097
7.400 0.245 2.087
7.500 0.243 2.082
7.600 0.240 2.072
7.700 0.237 2.062
7.800 0.235 2.053
7.900 0.232 2.044
8.000 0.230 2.034
8.100 0.228 2.031
8.200 0.225 2.022
8.300 0.223 2.013
8.400 0.221 2.004
8.500 0.219 1.996
8.600 0.216 1.988
8.700 0.215 1.984
8.800 0.213 1.976
8.900 0.211 1.968
9.000 0.209 1.961
9.100 0.207 1.953
9.200 0.205 1.945
9.300 0.203 1.938
9.400 0.201 1.931
9.500 0.200 1.928
9.600 0.198 1.921
9.700 0.196 1.914
9.800 0.194 1.907
9.900 0.193 1.900
10.000 0.191 1.893
