0.100 11.208 11.101
0.200 5.316 7.446
0.300 3.656 6.272
0.400 2.839 5.623
0.500 2.341 5.186
0.600 2.000 4.853
0.700 1.756 4.602
0.800 1.564 4.382
0.900 1.418 4.213
1.000 1.297 4.062
1.100 1.197 3.933
1.200 1.114 3.822
1.300 1.040 3.715
1.400 0.979 3.629
1.500 0.924 3.543
1.600 0.875 3.466
1.700 0.832 3.396
1.800 0.795 3.340
1.900 0.758 3.273
2.000 0.727 3.219
2.100 0.698 3.169
2.200 0.672 3.122
2.300 0.648 3.078
2.400 0.626 3.038
2.500 0.604 2.992
2.600 0.585 2.957
2.700 0.568 2.923
2.800 0.550 2.884
2.900 0.535 2.854
3.000 0.520 2.819
3.100 0.506 2.792
3.200 0.493 2.760
3.300 0.481 2.736
3.400 0.469 2.706
3.500 0.458 2.684
3.600 0.447 2.657
3.700 0.438 2.637
3.800 0.428 2.611
3.900 0.418 2.587
4.000 0.410 2.569
4.100 0.402 2.546
4.200 0.394 2.531
4.300 0.386 2.509
4.400 0.379 2.488
4.500 0.372 2.474
4.600 0.365 2.454
4.700 0.359 2.435
4.800 0.353 2.423
4.900 0.347 2.405
5.000 0.341 2.387
5.100 0.335 2.370
5.200 0.330 2.360
5.300 0.325 2.343
5.400 0.320 2.328
5.500 0.315 2.312
5.600 0.311 2.303
5.700 0.306 2.288
5.800 0.301 2.274
5.900 0.297 2.260
6.000 0.294 2.252
6.100 0.289 2.239
6.200 0.285 2.226
6.300 0.281 2.213
6.400 0.278 2.206
6.500 0.275 2.194
6.600 0.271 2.182
6.700 0.268 2.170
6.800 0.264 2.158
6.900 0.262 2.152
7.000 0.258 2.141
7.100 0.255 2.130
7.200 0.252 2.120
7.300 0.249 2.109
7.400 0.246 2.099
7.500 0.244 2.094
7.600 0.241 2.084
7.700 0.239 2.074
7.800 0.236 2.065
7.900 0.233 2.055
8.000 0.231 2.046
8.100 0.229 2.042
8.200 0.227 2.033
8.300 0.224 2.024
8.400 0.222 2.016
8.500 0.220 2.007
8.600 0.218 1.999
8.700 0.215 1.990
8.800 0.214 1.987
8.900 0.212 1.979
9.000 0.210 1.971
9.100 0.208 1.964
9.200 0.206 1.956
9.300 0.204 1.948
9.400 0.202 1.941
9.500 0.201 1.938
9.600 0.199 1.931
9.700 0.197 1.924
9.800 0.196 1.917
9.900 0.194 1.910
10.000 0.192 1.903
