0.100 10.621 10.519
0.200 5.052 7.076
0.300 3.473 5.958
0.400 2.698 5.344
0.500 2.226 4.929
0.600 1.902 4.614
0.700 1.670 4.377
0.800 1.492 4.179
0.900 1.349 4.009
1.000 1.234 3.866
1.100 1.140 3.744
1.200 1.060 3.639
1.300 0.993 3.546
1.400 0.933 3.456
1.500 0.882 3.384
1.600 0.836 3.311
1.700 0.794 3.244
1.800 0.758 3.183
1.900 0.724 3.127
2.000 0.694 3.076
2.100 0.667 3.028
2.200 0.642 2.984
2.300 0.618 2.935
2.400 0.597 2.897
2.500 0.578 2.861
2.600 0.558 2.819
2.700 0.542 2.788
2.800 0.526 2.758
2.900 0.510 2.722
3.000 0.497 2.696
3.100 0.483 2.663
3.200 0.471 2.639
3.300 0.459 2.610
3.400 0.448 2.588
3.500 0.437 2.561
3.600 0.428 2.541
3.700 0.418 2.516
3.800 0.409 2.498
3.900 0.400 2.475
4.000 0.391 2.452
4.100 0.384 2.436
4.200 0.376 2.415
4.300 0.369 2.394
4.400 0.362 2.381
4.500 0.355 2.361
4.600 0.349 2.343
4.700 0.343 2.330
4.800 0.337 2.313
4.900 0.331 2.296
5.000 0.326 2.285
5.100 0.321 2.268
5.200 0.315 2.252
5.300 0.310 2.237
5.400 0.306 2.228
5.500 0.301 2.213
5.600 0.297 2.199
5.700 0.292 2.185
5.800 0.289 2.176
5.900 0.284 2.163
6.000 0.280 2.150
6.100 0.276 2.137
6.200 0.273 2.130
6.300 0.269 2.118
6.400 0.266 2.106
6.500 0.262 2.094
6.600 0.259 2.083
6.700 0.256 2.077
6.800 0.253 2.066
6.900 0.250 2.055
7.000 0.247 2.044
7.100 0.244 2.034
7.200 0.241 2.029
7.300 0.239 2.019
7.400 0.236 2.009
7.500 0.233 1.999
7.600 0.230 1.990
7.700 0.228 1.981
7.800 0.226 1.976
7.900 0.223 1.967
8.000 0.221 1.959
8.100 0.219 1.950
8.200 0.216 1.941
8.300 0.214 1.933
8.400 0.212 1.925
8.500 0.210 1.921
8.600 0.208 1.913
8.700 0.206 1.905
8.800 0.204 1.898
8.900 0.202 1.890
9.000 0.200 1.882
9.100 0.198 1.875
9.200 0.197 1.872
9.300 0.195 1.865
9.400 0.193 1.858
9.500 0.192 1.851
9.600 0.190 1.844
9.700 0.188 1.837
9.800 0.187 1.830
9.900 0.185 1.824
10.000 0.184 1.822
