0.100 4.626 4.582
0.200 2.593 3.632
0.300 1.864 3.198
0.400 1.481 2.935
0.500 1.239 2.744
0.600 1.072 2.601
0.700 0.946 2.479
0.800 0.852 2.388
0.900 0.775 2.302
1.000 0.713 2.235
1.100 0.661 2.172
1.200 0.615 2.112
1.300 0.578 2.063
1.400 0.544 2.015
1.500 0.515 1.977
1.600 0.489 1.938
1.700 0.466 1.902
1.800 0.445 1.869
1.900 0.426 1.839
2.000 0.409 1.811
2.100 0.393 1.784
2.200 0.379 1.760
2.300 0.365 1.733
2.400 0.353 1.712
2.500 0.342 1.692
2.600 0.330 1.668
2.700 0.321 1.651
2.800 0.311 1.630
2.900 0.303 1.614
3.000 0.294 1.595
3.100 0.287 1.581
3.200 0.279 1.563
3.300 0.272 1.550
3.400 0.266 1.534
3.500 0.260 1.522
3.600 0.254 1.507
3.700 0.248 1.493
3.800 0.243 1.483
3.900 0.238 1.469
4.000 0.233 1.460
4.100 0.228 1.447
4.200 0.224 1.435
4.300 0.219 1.423
4.400 0.215 1.416
4.500 0.211 1.404
4.600 0.207 1.394
4.700 0.204 1.387
4.800 0.201 1.376
4.900 0.197 1.367
5.000 0.194 1.357
5.100 0.191 1.351
5.200 0.188 1.342
5.300 0.185 1.333
5.400 0.182 1.324
5.500 0.180 1.319
5.600 0.177 1.311
5.700 0.174 1.302
5.800 0.172 1.295
5.900 0.169 1.287
6.000 0.167 1.283
6.100 0.165 1.275
6.200 0.163 1.268
6.300 0.160 1.261
6.400 0.158 1.254
6.500 0.156 1.247
6.600 0.155 1.244
6.700 0.153 1.237
6.800 0.151 1.231
6.900 0.149 1.224
7.000 0.147 1.218
7.100 0.145 1.212
7.200 0.144 1.209
7.300 0.142 1.204
7.400 0.141 1.198
7.500 0.139 1.192
7.600 0.137 1.187
7.700 0.136 1.181
7.800 0.134 1.176
7.900 0.133 1.171
8.000 0.132 1.169
8.100 0.131 1.164
8.200 0.129 1.159
8.300 0.128 1.154
8.400 0.127 1.149
8.500 0.125 1.145
8.600 0.124 1.140
8.700 0.123 1.135
8.800 0.122 1.134
8.900 0.121 1.129
9.000 0.120 1.125
9.100 0.119 1.121
9.200 0.118 1.116
9.300 0.116 1.112
9.400 0.115 1.108
9.500 0.114 1.104
9.600 0.113 1.100
9.700 0.112 1.096
9.800 0.112 1.095
9.900 0.111 1.091
10.000 0.110 1.088
