0.100 13.026 12.902
0.200 6.151 8.616
0.300 4.209 7.221
0.400 3.249 6.436
0.500 2.675 5.924
0.600 2.282 5.536
0.700 1.996 5.231
0.800 1.781 4.989
0.900 1.609 4.780
1.000 1.470 4.605
1.100 1.356 4.456
1.200 1.258 4.316
1.300 1.177 4.204
1.400 1.105 4.094
1.500 1.042 3.996
1.600 0.989 3.917
1.700 0.939 3.836
1.800 0.895 3.762
1.900 0.856 3.695
2.000 0.818 3.623
2.100 0.786 3.565
2.200 0.756 3.512
2.300 0.729 3.462
2.400 0.702 3.407
2.500 0.679 3.364
2.600 0.658 3.323
2.700 0.637 3.276
2.800 0.618 3.240
2.900 0.600 3.198
3.000 0.584 3.166
3.100 0.567 3.128
3.200 0.553 3.099
3.300 0.538 3.064
3.400 0.526 3.038
3.500 0.513 3.006
3.600 0.502 2.982
3.700 0.490 2.952
3.800 0.479 2.923
3.900 0.469 2.903
4.000 0.459 2.876
4.100 0.451 2.858
4.200 0.441 2.833
4.300 0.432 2.808
4.400 0.425 2.792
4.500 0.417 2.769
4.600 0.409 2.747
4.700 0.401 2.726
4.800 0.395 2.712
4.900 0.388 2.692
5.000 0.382 2.672
5.100 0.376 2.660
5.200 0.370 2.641
5.300 0.364 2.623
5.400 0.358 2.606
5.500 0.353 2.595
5.600 0.348 2.578
5.700 0.343 2.562
5.800 0.338 2.546
5.900 0.333 2.537
6.000 0.329 2.522
6.100 0.324 2.507
6.200 0.320 2.492
6.300 0.315 2.478
6.400 0.312 2.470
6.500 0.308 2.457
6.600 0.304 2.444
6.700 0.300 2.430
6.800 0.296 2.418
6.900 0.293 2.411
7.000 0.289 2.399
7.100 0.286 2.387
7.200 0.283 2.375
7.300 0.279 2.364
7.400 0.277 2.358
7.500 0.274 2.347
7.600 0.271 2.336
7.700 0.268 2.325
7.800 0.265 2.315
7.900 0.262 2.304
8.000 0.260 2.300
8.100 0.257 2.290
8.200 0.254 2.280
8.300 0.252 2.271
8.400 0.249 2.261
8.500 0.247 2.252
8.600 0.244 2.242
8.700 0.242 2.239
8.800 0.240 2.230
8.900 0.238 2.221
9.000 0.235 2.213
9.100 0.233 2.204
9.200 0.231 2.196
9.300 0.229 2.188
9.400 0.227 2.179
9.500 0.226 2.177
9.600 0.224 2.169
9.700 0.222 2.161
9.800 0.220 2.154
9.900 0.218 2.146
10.000 0.216 2.139
