0.100 12.862 12.739
0.200 6.089 8.529
0.300 4.190 7.188
0.400 3.246 6.430
0.500 2.667 5.907
0.600 2.277 5.523
0.700 1.997 5.234
0.800 1.783 4.994
0.900 1.611 4.787
1.000 1.473 4.613
1.100 1.359 4.464
1.200 1.264 4.336
1.300 1.180 4.214
1.400 1.110 4.115
1.500 1.047 4.017
1.600 0.992 3.928
1.700 0.942 3.848
1.800 0.898 3.774
1.900 0.859 3.707
2.000 0.823 3.645
2.100 0.790 3.587
2.200 0.761 3.534
2.300 0.733 3.484
2.400 0.707 3.429
2.500 0.684 3.385
2.600 0.662 3.345
2.700 0.641 3.298
2.800 0.622 3.262
2.900 0.604 3.220
3.000 0.588 3.187
3.100 0.572 3.157
3.200 0.557 3.120
3.300 0.544 3.093
3.400 0.530 3.059
3.500 0.517 3.027
3.600 0.505 3.003
3.700 0.493 2.973
3.800 0.483 2.951
3.900 0.473 2.923
4.000 0.462 2.897
4.100 0.454 2.878
4.200 0.444 2.853
4.300 0.437 2.835
4.400 0.428 2.812
4.500 0.420 2.789
4.600 0.413 2.774
4.700 0.405 2.752
4.800 0.398 2.731
4.900 0.391 2.711
5.000 0.385 2.698
5.100 0.379 2.679
5.200 0.372 2.660
5.300 0.367 2.648
5.400 0.361 2.630
5.500 0.356 2.613
5.600 0.350 2.596
5.700 0.346 2.586
5.800 0.341 2.570
5.900 0.336 2.554
6.000 0.331 2.539
6.100 0.327 2.530
6.200 0.323 2.515
6.300 0.318 2.501
6.400 0.314 2.487
6.500 0.310 2.473
6.600 0.306 2.466
6.700 0.303 2.453
6.800 0.299 2.440
6.900 0.295 2.427
7.000 0.291 2.415
7.100 0.289 2.408
7.200 0.285 2.396
7.300 0.282 2.385
7.400 0.279 2.373
7.500 0.275 2.362
7.600 0.272 2.351
7.700 0.270 2.346
7.800 0.267 2.335
7.900 0.264 2.324
8.000 0.261 2.314
8.100 0.258 2.304
8.200 0.256 2.294
8.300 0.254 2.290
8.400 0.251 2.280
8.500 0.249 2.270
8.600 0.246 2.261
8.700 0.244 2.252
8.800 0.241 2.243
8.900 0.239 2.234
9.000 0.237 2.230
9.100 0.235 2.222
9.200 0.233 2.213
9.300 0.231 2.205
9.400 0.229 2.196
9.500 0.227 2.188
9.600 0.225 2.180
9.700 0.223 2.178
9.800 0.221 2.170
9.900 0.219 2.162
10.000 0.218 2.154
