0.100 9.877 9.782
0.200 4.686 6.563
0.300 3.208 5.503
0.400 2.487 4.927
0.500 2.048 4.536
0.600 1.755 4.258
0.700 1.537 4.029
0.800 1.373 3.847
0.900 1.242 3.690
1.000 1.139 3.568
1.100 1.049 3.446
1.200 0.976 3.349
1.300 0.914 3.264
1.400 0.858 3.181
1.500 0.810 3.107
1.600 0.769 3.047
1.700 0.731 2.986
1.800 0.697 2.930
1.900 0.667 2.878
2.000 0.639 2.830
2.100 0.612 2.779
2.200 0.590 2.739
2.300 0.569 2.701
2.400 0.549 2.665
2.500 0.530 2.625
2.600 0.514 2.594
2.700 0.498 2.565
2.800 0.483 2.530
2.900 0.470 2.504
3.000 0.456 2.473
3.100 0.444 2.450
3.200 0.432 2.422
3.300 0.422 2.401
3.400 0.411 2.374
3.500 0.402 2.355
3.600 0.392 2.331
3.700 0.384 2.314
3.800 0.375 2.292
3.900 0.367 2.270
4.000 0.360 2.255
4.100 0.352 2.235
4.200 0.345 2.215
4.300 0.339 2.202
4.400 0.332 2.183
4.500 0.326 2.166
4.600 0.321 2.154
4.700 0.315 2.137
4.800 0.309 2.121
4.900 0.304 2.110
5.000 0.299 2.095
5.100 0.294 2.080
5.200 0.289 2.065
5.300 0.285 2.056
5.400 0.281 2.043
5.500 0.276 2.029
5.600 0.272 2.016
5.700 0.269 2.008
5.800 0.265 1.995
5.900 0.261 1.983
6.000 0.257 1.971
6.100 0.254 1.964
6.200 0.250 1.953
6.300 0.247 1.942
6.400 0.244 1.931
6.500 0.240 1.920
6.600 0.238 1.914
6.700 0.235 1.904
6.800 0.232 1.894
6.900 0.229 1.884
7.000 0.226 1.874
7.100 0.224 1.869
7.200 0.221 1.860
7.300 0.219 1.850
7.400 0.216 1.841
7.500 0.214 1.832
7.600 0.211 1.824
7.700 0.209 1.820
7.800 0.207 1.811
7.900 0.205 1.803
8.000 0.203 1.795
8.100 0.200 1.787
8.200 0.198 1.779
8.300 0.196 1.771
8.400 0.195 1.768
8.500 0.193 1.760
8.600 0.191 1.753
8.700 0.189 1.746
8.800 0.187 1.739
8.900 0.185 1.732
9.000 0.184 1.725
9.100 0.182 1.722
9.200 0.181 1.715
9.300 0.179 1.709
9.400 0.177 1.702
9.500 0.176 1.696
9.600 0.174 1.689
9.700 0.173 1.683
9.800 0.171 1.677
9.900 0.170 1.671
10.000 0.168 1.669
