0.100 5.945 5.888
0.200 3.230 4.525
0.300 2.291 3.930
0.400 1.795 3.555
0.500 1.489 3.298
0.600 1.280 3.105
0.700 1.126 2.949
0.800 1.008 2.825
0.900 0.914 2.716
1.000 0.838 2.624
1.100 0.775 2.546
1.200 0.720 2.471
1.300 0.675 2.412
1.400 0.635 2.353
1.500 0.600 2.300
1.600 0.568 2.252
1.700 0.541 2.208
1.800 0.516 2.168
1.900 0.494 2.132
2.000 0.474 2.098
2.100 0.455 2.066
2.200 0.437 2.032
2.300 0.422 2.005
2.400 0.408 1.980
2.500 0.394 1.951
2.600 0.382 1.929
2.700 0.371 1.908
2.800 0.359 1.883
2.900 0.350 1.864
3.000 0.340 1.842
3.100 0.331 1.825
3.200 0.322 1.805
3.300 0.314 1.785
3.400 0.307 1.771
3.500 0.299 1.753
3.600 0.293 1.740
3.700 0.286 1.723
3.800 0.280 1.707
3.900 0.274 1.696
4.000 0.268 1.681
4.100 0.263 1.666
4.200 0.258 1.657
4.300 0.253 1.643
4.400 0.248 1.630
4.500 0.244 1.621
4.600 0.239 1.609
4.700 0.235 1.597
4.800 0.231 1.585
4.900 0.228 1.578
5.000 0.224 1.567
5.100 0.220 1.556
5.200 0.216 1.545
5.300 0.213 1.539
5.400 0.210 1.529
5.500 0.207 1.519
5.600 0.204 1.510
5.700 0.201 1.501
5.800 0.198 1.496
5.900 0.195 1.487
6.000 0.193 1.478
6.100 0.190 1.470
6.200 0.187 1.462
6.300 0.185 1.457
6.400 0.183 1.449
6.500 0.181 1.442
6.600 0.178 1.434
6.700 0.176 1.427
6.800 0.174 1.420
6.900 0.172 1.416
7.000 0.170 1.409
7.100 0.168 1.402
7.200 0.166 1.396
7.300 0.164 1.389
7.400 0.162 1.383
7.500 0.161 1.380
7.600 0.159 1.374
7.700 0.157 1.368
7.800 0.156 1.362
7.900 0.154 1.356
8.000 0.152 1.350
8.100 0.151 1.344
8.200 0.150 1.342
8.300 0.148 1.337
8.400 0.147 1.331
8.500 0.145 1.326
8.600 0.144 1.321
8.700 0.142 1.316
8.800 0.141 1.311
8.900 0.140 1.306
9.000 0.138 1.301
9.100 0.138 1.299
9.200 0.136 1.295
9.300 0.135 1.290
9.400 0.134 1.285
9.500 0.133 1.281
9.600 0.132 1.276
9.700 0.130 1.272
9.800 0.129 1.268
9.900 0.128 1.263
10.000 0.127 1.262
