0.100 15.443 15.295
0.200 7.241 10.142
0.300 4.942 8.479
0.400 3.815 7.557
0.500 3.139 6.952
0.600 2.670 6.477
0.700 2.340 6.132
0.800 2.081 5.831
0.900 1.884 5.599
1.000 1.717 5.378
1.100 1.583 5.201
1.200 1.472 5.049
1.300 1.373 4.903
1.400 1.288 4.774
1.500 1.217 4.669
1.600 1.152 4.564
1.700 1.094 4.469
1.800 1.043 4.382
1.900 0.996 4.302
2.000 0.952 4.217
2.100 0.914 4.149
2.200 0.880 4.086
2.300 0.848 4.028
2.400 0.817 3.963
2.500 0.790 3.911
2.600 0.765 3.863
2.700 0.740 3.808
2.800 0.719 3.766
2.900 0.697 3.717
3.000 0.678 3.679
3.100 0.659 3.634
3.200 0.642 3.600
3.300 0.625 3.559
3.400 0.611 3.528
3.500 0.596 3.490
3.600 0.581 3.454
3.700 0.569 3.427
3.800 0.556 3.394
3.900 0.545 3.370
4.000 0.533 3.338
4.100 0.522 3.308
4.200 0.512 3.287
4.300 0.502 3.259
4.400 0.492 3.231
4.500 0.484 3.213
4.600 0.474 3.187
4.700 0.466 3.162
4.800 0.457 3.138
4.900 0.450 3.122
5.000 0.443 3.099
5.100 0.435 3.077
5.200 0.429 3.063
5.300 0.422 3.042
5.400 0.415 3.022
5.500 0.409 3.002
5.600 0.403 2.990
5.700 0.397 2.971
5.800 0.391 2.952
5.900 0.386 2.934
6.000 0.381 2.924
6.100 0.376 2.907
6.200 0.371 2.890
6.300 0.365 2.873
6.400 0.361 2.857
6.500 0.357 2.848
6.600 0.352 2.833
6.700 0.348 2.818
6.800 0.343 2.803
6.900 0.339 2.788
7.000 0.336 2.781
7.100 0.332 2.767
7.200 0.328 2.754
7.300 0.324 2.740
7.400 0.320 2.727
7.500 0.316 2.714
7.600 0.314 2.708
7.700 0.310 2.696
7.800 0.307 2.683
7.900 0.303 2.671
8.000 0.300 2.660
8.100 0.297 2.648
8.200 0.294 2.637
8.300 0.292 2.632
8.400 0.289 2.621
8.500 0.286 2.610
8.600 0.283 2.600
8.700 0.280 2.589
8.800 0.278 2.579
8.900 0.275 2.569
9.000 0.273 2.565
9.100 0.270 2.556
9.200 0.268 2.546
9.300 0.266 2.536
9.400 0.263 2.527
9.500 0.261 2.518
9.600 0.258 2.509
9.700 0.257 2.506
9.800 0.255 2.497
9.900 0.252 2.488
10.000 0.250 2.480
