0.100 6.992 6.925
0.200 3.732 5.228
0.300 2.646 4.540
0.400 2.080 4.120
0.500 1.729 3.830
0.600 1.490 3.615
0.700 1.311 3.435
0.800 1.178 3.300
0.900 1.068 3.174
1.000 0.982 3.076
1.100 0.909 2.985
1.200 0.845 2.899
1.300 0.792 2.830
1.400 0.747 2.768
1.500 0.706 2.707
1.600 0.669 2.651
1.700 0.637 2.600
1.800 0.608 2.554
1.900 0.582 2.511
2.000 0.558 2.472
2.100 0.537 2.435
2.200 0.517 2.401
2.300 0.499 2.369
2.400 0.482 2.339
2.500 0.466 2.306
2.600 0.451 2.279
2.700 0.438 2.255
2.800 0.425 2.226
2.900 0.413 2.204
3.000 0.401 2.177
3.100 0.391 2.158
3.200 0.381 2.133
3.300 0.372 2.116
3.400 0.362 2.093
3.500 0.354 2.077
3.600 0.346 2.057
3.700 0.339 2.042
3.800 0.331 2.023
3.900 0.324 2.004
4.000 0.318 1.991
4.100 0.311 1.974
4.200 0.305 1.957
4.300 0.300 1.946
4.400 0.294 1.930
4.500 0.288 1.915
4.600 0.284 1.905
4.700 0.278 1.890
4.800 0.273 1.876
4.900 0.269 1.867
5.000 0.265 1.854
5.100 0.260 1.841
5.200 0.256 1.829
5.300 0.253 1.821
5.400 0.249 1.809
5.500 0.245 1.797
5.600 0.241 1.786
5.700 0.238 1.779
5.800 0.234 1.768
5.900 0.231 1.758
6.000 0.228 1.747
6.100 0.225 1.741
6.200 0.222 1.732
6.300 0.219 1.722
6.400 0.216 1.712
6.500 0.213 1.703
6.600 0.211 1.698
6.700 0.208 1.689
6.800 0.206 1.680
6.900 0.203 1.672
7.000 0.201 1.663
7.100 0.198 1.655
7.200 0.196 1.651
7.300 0.194 1.643
7.400 0.192 1.635
7.500 0.190 1.627
7.600 0.188 1.620
7.700 0.186 1.612
7.800 0.184 1.609
7.900 0.182 1.602
8.000 0.180 1.595
8.100 0.178 1.588
8.200 0.176 1.581
8.300 0.174 1.574
8.400 0.173 1.568
8.500 0.171 1.565
8.600 0.170 1.559
8.700 0.168 1.552
8.800 0.166 1.546
8.900 0.165 1.540
9.000 0.163 1.534
9.100 0.162 1.528
9.200 0.160 1.522
9.300 0.159 1.520
9.400 0.158 1.515
9.500 0.156 1.509
9.600 0.155 1.503
9.700 0.154 1.498
9.800 0.152 1.493
9.900 0.151 1.487
10.000 0.150 1.482
