0.100 6.433 6.372
0.200 3.433 4.808
0.300 2.433 4.174
0.400 1.913 3.790
0.500 1.591 3.524
0.600 1.368 3.319
0.700 1.207 3.162
0.800 1.082 3.031
0.900 0.984 2.923
1.000 0.902 2.826
1.100 0.835 2.743
1.200 0.778 2.671
1.300 0.730 2.608
1.400 0.687 2.545
1.500 0.649 2.489
1.600 0.617 2.444
1.700 0.587 2.397
1.800 0.560 2.355
1.900 0.536 2.315
2.000 0.515 2.279
2.100 0.495 2.245
2.200 0.475 2.208
2.300 0.459 2.179
2.400 0.443 2.152
2.500 0.429 2.126
2.600 0.415 2.097
2.700 0.403 2.074
2.800 0.391 2.047
2.900 0.380 2.027
3.000 0.370 2.008
3.100 0.360 1.985
3.200 0.351 1.968
3.300 0.342 1.946
3.400 0.334 1.931
3.500 0.326 1.911
3.600 0.318 1.892
3.700 0.312 1.878
3.800 0.305 1.861
3.900 0.299 1.848
4.000 0.292 1.832
4.100 0.286 1.816
4.200 0.281 1.805
4.300 0.276 1.790
4.400 0.270 1.776
4.500 0.266 1.766
4.600 0.261 1.752
4.700 0.256 1.739
4.800 0.252 1.726
4.900 0.248 1.718
5.000 0.244 1.706
5.100 0.239 1.694
5.200 0.236 1.687
5.300 0.232 1.675
5.400 0.229 1.664
5.500 0.225 1.653
5.600 0.222 1.643
5.700 0.219 1.637
5.800 0.216 1.627
5.900 0.213 1.617
6.000 0.210 1.607
6.100 0.207 1.602
6.200 0.204 1.593
6.300 0.201 1.584
6.400 0.199 1.575
6.500 0.196 1.567
6.600 0.194 1.562
6.700 0.192 1.554
6.800 0.189 1.546
6.900 0.187 1.538
7.000 0.185 1.530
7.100 0.182 1.522
7.200 0.181 1.519
7.300 0.179 1.511
7.400 0.177 1.504
7.500 0.175 1.497
7.600 0.173 1.490
7.700 0.171 1.483
7.800 0.169 1.476
7.900 0.167 1.474
8.000 0.166 1.467
8.100 0.164 1.461
8.200 0.162 1.454
8.300 0.160 1.448
8.400 0.159 1.442
8.500 0.157 1.436
8.600 0.156 1.434
8.700 0.155 1.428
8.800 0.153 1.422
8.900 0.152 1.417
9.000 0.150 1.411
9.100 0.149 1.406
9.200 0.147 1.400
9.300 0.146 1.395
9.400 0.145 1.393
9.500 0.144 1.388
9.600 0.143 1.383
9.700 0.141 1.378
9.800 0.140 1.373
9.900 0.139 1.368
10.000 0.138 1.363
