0.100 6.631 6.568
0.200 3.538 4.955
0.300 2.501 4.291
0.400 1.971 3.904
0.500 1.639 3.630
0.600 1.409 3.417
0.700 1.242 3.256
0.800 1.114 3.120
0.900 1.010 3.001
1.000 0.929 2.908
1.100 0.859 2.822
1.200 0.801 2.748
1.300 0.749 2.676
1.400 0.706 2.618
1.500 0.667 2.560
1.600 0.633 2.507
1.700 0.602 2.459
1.800 0.575 2.415
1.900 0.550 2.375
2.000 0.528 2.338
2.100 0.507 2.303
2.200 0.489 2.271
2.300 0.472 2.241
2.400 0.456 2.212
2.500 0.440 2.180
2.600 0.427 2.156
2.700 0.414 2.132
2.800 0.402 2.105
2.900 0.391 2.084
3.000 0.380 2.059
3.100 0.370 2.040
3.200 0.360 2.017
3.300 0.352 2.001
3.400 0.343 1.980
3.500 0.335 1.964
3.600 0.327 1.945
3.700 0.320 1.926
3.800 0.313 1.913
3.900 0.306 1.895
4.000 0.301 1.883
4.100 0.294 1.867
4.200 0.288 1.851
4.300 0.283 1.840
4.400 0.278 1.825
4.500 0.273 1.811
4.600 0.268 1.801
4.700 0.263 1.787
4.800 0.259 1.774
4.900 0.254 1.761
5.000 0.250 1.753
5.100 0.246 1.741
5.200 0.242 1.729
5.300 0.238 1.717
5.400 0.235 1.710
5.500 0.231 1.699
5.600 0.228 1.688
5.700 0.224 1.678
5.800 0.222 1.672
5.900 0.218 1.662
6.000 0.215 1.652
6.100 0.212 1.642
6.200 0.209 1.633
6.300 0.207 1.628
6.400 0.204 1.619
6.500 0.202 1.610
6.600 0.199 1.601
6.700 0.196 1.593
6.800 0.194 1.588
6.900 0.192 1.580
7.000 0.190 1.572
7.100 0.187 1.564
7.200 0.185 1.557
7.300 0.183 1.549
7.400 0.181 1.546
7.500 0.179 1.538
7.600 0.177 1.531
7.700 0.175 1.524
7.800 0.173 1.517
7.900 0.172 1.510
8.000 0.170 1.508
8.100 0.168 1.501
8.200 0.167 1.495
8.300 0.165 1.488
8.400 0.163 1.482
8.500 0.162 1.476
8.600 0.160 1.470
8.700 0.158 1.464
8.800 0.157 1.462
8.900 0.156 1.456
9.000 0.154 1.450
9.100 0.153 1.444
9.200 0.151 1.439
9.300 0.150 1.433
9.400 0.149 1.428
9.500 0.147 1.423
9.600 0.146 1.421
9.700 0.145 1.416
9.800 0.144 1.411
9.900 0.143 1.406
10.000 0.141 1.401
