0.100 6.725 6.660
0.200 3.596 5.036
0.300 2.548 4.371
0.400 2.003 3.968
0.500 1.666 3.690
0.600 1.436 3.484
0.700 1.267 3.320
0.800 1.136 3.182
0.900 1.033 3.069
1.000 0.947 2.967
1.100 0.877 2.880
1.200 0.817 2.804
1.300 0.765 2.730
1.400 0.721 2.672
1.500 0.681 2.613
1.600 0.648 2.566
1.700 0.616 2.517
1.800 0.588 2.472
1.900 0.563 2.431
2.000 0.540 2.393
2.100 0.519 2.357
2.200 0.500 2.325
2.300 0.482 2.288
2.400 0.466 2.259
2.500 0.451 2.232
2.600 0.436 2.202
2.700 0.423 2.178
2.800 0.411 2.155
2.900 0.399 2.129
3.000 0.389 2.109
3.100 0.378 2.084
3.200 0.369 2.066
3.300 0.359 2.044
3.400 0.351 2.027
3.500 0.342 2.007
3.600 0.335 1.992
3.700 0.327 1.973
3.800 0.320 1.954
3.900 0.314 1.941
4.000 0.307 1.924
4.100 0.301 1.912
4.200 0.295 1.896
4.300 0.289 1.880
4.400 0.285 1.870
4.500 0.279 1.855
4.600 0.274 1.840
4.700 0.269 1.826
4.800 0.265 1.818
4.900 0.260 1.804
5.000 0.256 1.791
5.100 0.252 1.784
5.200 0.248 1.771
5.300 0.244 1.759
5.400 0.240 1.748
5.500 0.237 1.741
5.600 0.233 1.730
5.700 0.230 1.719
5.800 0.227 1.709
5.900 0.223 1.698
6.000 0.221 1.693
6.100 0.218 1.683
6.200 0.215 1.673
6.300 0.212 1.664
6.400 0.209 1.659
6.500 0.207 1.650
6.600 0.204 1.641
6.700 0.201 1.632
6.800 0.199 1.624
6.900 0.196 1.615
7.000 0.194 1.611
7.100 0.192 1.603
7.200 0.190 1.595
7.300 0.188 1.588
7.400 0.185 1.580
7.500 0.183 1.573
7.600 0.182 1.569
7.700 0.180 1.562
7.800 0.178 1.555
7.900 0.176 1.548
8.000 0.174 1.541
8.100 0.172 1.534
8.200 0.170 1.528
8.300 0.169 1.525
8.400 0.167 1.519
8.500 0.166 1.513
8.600 0.164 1.506
8.700 0.162 1.500
8.800 0.161 1.494
8.900 0.159 1.488
9.000 0.158 1.486
9.100 0.157 1.481
9.200 0.155 1.475
9.300 0.154 1.469
9.400 0.152 1.464
9.500 0.151 1.458
9.600 0.150 1.453
9.700 0.148 1.448
9.800 0.147 1.443
9.900 0.146 1.441
10.000 0.145 1.436
