0.100 6.958 6.891
0.200 3.718 5.207
0.300 2.634 4.519
0.400 2.070 4.101
0.500 1.721 3.812
0.600 1.483 3.598
0.700 1.305 3.419
0.800 1.172 3.284
0.900 1.063 3.159
1.000 0.977 3.061
1.100 0.904 2.971
1.200 0.841 2.885
1.300 0.789 2.816
1.400 0.744 2.756
1.500 0.702 2.694
1.600 0.666 2.639
1.700 0.634 2.589
1.800 0.605 2.542
1.900 0.579 2.500
2.000 0.555 2.461
2.100 0.534 2.424
2.200 0.515 2.390
2.300 0.497 2.359
2.400 0.480 2.329
2.500 0.463 2.295
2.600 0.449 2.269
2.700 0.436 2.245
2.800 0.423 2.216
2.900 0.411 2.194
3.000 0.400 2.168
3.100 0.390 2.148
3.200 0.379 2.124
3.300 0.370 2.106
3.400 0.361 2.084
3.500 0.353 2.068
3.600 0.345 2.048
3.700 0.337 2.033
3.800 0.330 2.014
3.900 0.323 1.995
4.000 0.317 1.983
4.100 0.310 1.965
4.200 0.304 1.954
4.300 0.298 1.937
4.400 0.293 1.922
4.500 0.288 1.911
4.600 0.282 1.897
4.700 0.277 1.882
4.800 0.272 1.868
4.900 0.268 1.859
5.000 0.264 1.846
5.100 0.259 1.833
5.200 0.256 1.825
5.300 0.251 1.813
5.400 0.247 1.801
5.500 0.244 1.790
5.600 0.241 1.783
5.700 0.237 1.772
5.800 0.233 1.761
5.900 0.230 1.750
6.000 0.227 1.740
6.100 0.224 1.734
6.200 0.221 1.724
6.300 0.218 1.715
6.400 0.215 1.705
6.500 0.212 1.696
6.600 0.210 1.691
6.700 0.207 1.682
6.800 0.205 1.673
6.900 0.202 1.665
7.000 0.200 1.656
7.100 0.198 1.652
7.200 0.196 1.644
7.300 0.193 1.636
7.400 0.191 1.628
7.500 0.189 1.621
7.600 0.187 1.613
7.700 0.185 1.606
7.800 0.183 1.603
7.900 0.181 1.595
8.000 0.179 1.588
8.100 0.177 1.581
8.200 0.176 1.575
8.300 0.174 1.568
8.400 0.172 1.561
8.500 0.171 1.559
8.600 0.169 1.552
8.700 0.167 1.546
8.800 0.166 1.540
8.900 0.164 1.534
9.000 0.163 1.528
9.100 0.161 1.522
9.200 0.160 1.520
9.300 0.159 1.514
9.400 0.157 1.509
9.500 0.156 1.503
9.600 0.154 1.498
9.700 0.153 1.492
9.800 0.152 1.487
9.900 0.150 1.481
10.000 0.149 1.476
