0.100 6.056 5.998
0.200 3.297 4.618
0.300 2.338 4.010
0.400 1.831 3.627
0.500 1.519 3.365
0.600 1.305 3.167
0.700 1.148 3.008
0.800 1.028 2.881
0.900 0.932 2.769
1.000 0.854 2.675
1.100 0.790 2.595
1.200 0.734 2.519
1.300 0.688 2.458
1.400 0.647 2.397
1.500 0.611 2.343
1.600 0.579 2.294
1.700 0.551 2.250
1.800 0.526 2.209
1.900 0.503 2.171
2.000 0.482 2.137
2.100 0.464 2.105
2.200 0.445 2.070
2.300 0.430 2.042
2.400 0.415 2.016
2.500 0.401 1.987
2.600 0.389 1.964
2.700 0.376 1.937
2.800 0.366 1.917
2.900 0.355 1.893
3.000 0.346 1.875
3.100 0.336 1.853
3.200 0.328 1.837
3.300 0.319 1.817
3.400 0.312 1.803
3.500 0.304 1.784
3.600 0.297 1.767
3.700 0.291 1.754
3.800 0.285 1.737
3.900 0.278 1.722
4.000 0.273 1.711
4.100 0.267 1.696
4.200 0.262 1.681
4.300 0.257 1.672
4.400 0.252 1.658
4.500 0.248 1.645
4.600 0.244 1.637
4.700 0.239 1.624
4.800 0.235 1.613
4.900 0.231 1.601
5.000 0.228 1.594
5.100 0.224 1.583
5.200 0.220 1.572
5.300 0.217 1.562
5.400 0.214 1.555
5.500 0.210 1.546
5.600 0.207 1.536
5.700 0.204 1.526
5.800 0.201 1.517
5.900 0.199 1.512
6.000 0.196 1.503
6.100 0.193 1.495
6.200 0.191 1.486
6.300 0.188 1.478
6.400 0.186 1.474
6.500 0.184 1.466
6.600 0.181 1.458
6.700 0.179 1.451
6.800 0.177 1.443
6.900 0.175 1.440
7.000 0.173 1.433
7.100 0.171 1.426
7.200 0.169 1.419
7.300 0.167 1.412
7.400 0.165 1.406
7.500 0.163 1.399
7.600 0.162 1.396
7.700 0.160 1.390
7.800 0.158 1.384
7.900 0.157 1.378
8.000 0.155 1.372
8.100 0.153 1.366
8.200 0.152 1.361
8.300 0.151 1.359
8.400 0.149 1.353
8.500 0.148 1.348
8.600 0.146 1.342
8.700 0.145 1.337
8.800 0.143 1.332
8.900 0.142 1.327
9.000 0.141 1.322
9.100 0.139 1.317
9.200 0.138 1.315
9.300 0.137 1.311
9.400 0.136 1.306
9.500 0.135 1.301
9.600 0.134 1.297
9.700 0.132 1.292
9.800 0.131 1.288
9.900 0.130 1.283
10.000 0.129 1.279
