0.100 6.011 5.954
0.200 3.266 4.575
0.300 2.316 3.973
0.400 1.814 3.593
0.500 1.505 3.334
0.600 1.293 3.138
0.700 1.137 2.980
0.800 1.019 2.854
0.900 0.924 2.744
1.000 0.846 2.651
1.100 0.783 2.572
1.200 0.728 2.496
1.300 0.682 2.436
1.400 0.641 2.376
1.500 0.605 2.323
1.600 0.574 2.274
1.700 0.546 2.230
1.800 0.521 2.190
1.900 0.499 2.153
2.000 0.478 2.118
2.100 0.460 2.087
2.200 0.442 2.052
2.300 0.426 2.024
2.400 0.412 1.999
2.500 0.398 1.970
2.600 0.386 1.947
2.700 0.373 1.921
2.800 0.363 1.901
2.900 0.352 1.877
3.000 0.343 1.859
3.100 0.333 1.838
3.200 0.325 1.822
3.300 0.317 1.802
3.400 0.310 1.788
3.500 0.302 1.769
3.600 0.295 1.752
3.700 0.289 1.739
3.800 0.282 1.723
3.900 0.277 1.712
4.000 0.271 1.696
4.100 0.265 1.682
4.200 0.260 1.672
4.300 0.255 1.658
4.400 0.250 1.645
4.500 0.246 1.632
4.600 0.242 1.623
4.700 0.237 1.611
4.800 0.233 1.599
4.900 0.230 1.592
5.000 0.226 1.581
5.100 0.222 1.570
5.200 0.218 1.559
5.300 0.215 1.549
5.400 0.212 1.543
5.500 0.209 1.533
5.600 0.206 1.524
5.700 0.202 1.514
5.800 0.200 1.509
5.900 0.197 1.500
6.000 0.194 1.491
6.100 0.192 1.483
6.200 0.189 1.475
6.300 0.187 1.470
6.400 0.185 1.462
6.500 0.182 1.454
6.600 0.180 1.447
6.700 0.178 1.439
6.800 0.175 1.432
6.900 0.174 1.428
7.000 0.172 1.421
7.100 0.169 1.415
7.200 0.168 1.408
7.300 0.166 1.401
7.400 0.164 1.395
7.500 0.162 1.392
7.600 0.160 1.386
7.700 0.159 1.379
7.800 0.157 1.373
7.900 0.155 1.367
8.000 0.154 1.362
8.100 0.152 1.356
8.200 0.151 1.350
8.300 0.149 1.348
8.400 0.148 1.343
8.500 0.146 1.337
8.600 0.145 1.332
8.700 0.144 1.327
8.800 0.142 1.322
8.900 0.141 1.317
9.000 0.140 1.312
9.100 0.139 1.310
9.200 0.137 1.305
9.300 0.136 1.301
9.400 0.135 1.296
9.500 0.134 1.291
9.600 0.133 1.287
9.700 0.131 1.282
9.800 0.130 1.278
9.900 0.129 1.274
10.000 0.128 1.269
