0.100 7.147 7.079
0.200 3.815 5.344
0.300 2.703 4.637
0.400 2.124 4.207
0.500 1.765 3.910
0.600 1.521 3.690
0.700 1.338 3.505
0.800 1.199 3.358
0.900 1.090 3.238
1.000 0.999 3.130
1.100 0.925 3.037
1.200 0.862 2.956
1.300 0.808 2.886
1.400 0.760 2.816
1.500 0.720 2.761
1.600 0.682 2.704
1.700 0.649 2.652
1.800 0.620 2.604
1.900 0.593 2.561
2.000 0.569 2.520
2.100 0.547 2.483
2.200 0.527 2.448
2.300 0.509 2.416
2.400 0.490 2.379
2.500 0.475 2.351
2.600 0.460 2.324
2.700 0.446 2.293
2.800 0.433 2.269
2.900 0.421 2.247
3.000 0.409 2.220
3.100 0.399 2.200
3.200 0.388 2.175
3.300 0.379 2.157
3.400 0.370 2.134
3.500 0.361 2.118
3.600 0.353 2.097
3.700 0.345 2.077
3.800 0.338 2.062
3.900 0.330 2.044
4.000 0.324 2.030
4.100 0.317 2.013
4.200 0.311 1.996
4.300 0.306 1.984
4.400 0.300 1.968
4.500 0.294 1.953
4.600 0.289 1.942
4.700 0.284 1.928
4.800 0.279 1.913
4.900 0.274 1.900
5.000 0.270 1.891
5.100 0.265 1.878
5.200 0.261 1.865
5.300 0.258 1.857
5.400 0.253 1.845
5.500 0.250 1.833
5.600 0.246 1.821
5.700 0.242 1.810
5.800 0.239 1.803
5.900 0.236 1.793
6.000 0.232 1.782
6.100 0.229 1.772
6.200 0.226 1.766
6.300 0.223 1.756
6.400 0.220 1.746
6.500 0.218 1.737
6.600 0.215 1.728
6.700 0.213 1.723
6.800 0.210 1.714
6.900 0.207 1.705
7.000 0.205 1.696
7.100 0.202 1.688
7.200 0.200 1.680
7.300 0.198 1.676
7.400 0.196 1.668
7.500 0.194 1.660
7.600 0.191 1.652
7.700 0.189 1.645
7.800 0.187 1.637
7.900 0.186 1.634
8.000 0.184 1.627
8.100 0.182 1.620
8.200 0.180 1.613
8.300 0.178 1.606
8.400 0.176 1.599
8.500 0.174 1.593
8.600 0.173 1.590
8.700 0.171 1.584
8.800 0.170 1.578
8.900 0.168 1.571
9.000 0.167 1.565
9.100 0.165 1.559
9.200 0.163 1.553
9.300 0.162 1.547
9.400 0.161 1.545
9.500 0.159 1.540
9.600 0.158 1.534
9.700 0.157 1.529
9.800 0.155 1.523
9.900 0.154 1.518
10.000 0.153 1.512
