0.100 9.305 9.216
0.200 4.431 6.206
0.300 3.061 5.252
0.400 2.379 4.712
0.500 1.964 4.350
0.600 1.684 4.086
0.700 1.476 3.869
0.800 1.320 3.697
0.900 1.197 3.558
1.000 1.096 3.433
1.100 1.013 3.327
1.200 0.943 3.234
1.300 0.883 3.154
1.400 0.830 3.075
1.500 0.785 3.012
1.600 0.744 2.948
1.700 0.708 2.889
1.800 0.675 2.836
1.900 0.646 2.787
2.000 0.619 2.742
2.100 0.595 2.700
2.200 0.573 2.661
2.300 0.553 2.625
2.400 0.533 2.584
2.500 0.515 2.552
2.600 0.499 2.522
2.700 0.483 2.488
2.800 0.470 2.462
2.900 0.456 2.430
3.000 0.444 2.407
3.100 0.432 2.384
3.200 0.421 2.357
3.300 0.411 2.337
3.400 0.400 2.312
3.500 0.391 2.293
3.600 0.382 2.270
3.700 0.373 2.248
3.800 0.366 2.232
3.900 0.357 2.211
4.000 0.351 2.197
4.100 0.343 2.177
4.200 0.336 2.158
4.300 0.330 2.145
4.400 0.324 2.128
4.500 0.318 2.111
4.600 0.312 2.099
4.700 0.307 2.083
4.800 0.301 2.067
4.900 0.297 2.057
5.000 0.292 2.042
5.100 0.287 2.028
5.200 0.282 2.014
5.300 0.278 2.005
5.400 0.274 1.992
5.500 0.269 1.978
5.600 0.265 1.966
5.700 0.262 1.958
5.800 0.258 1.946
5.900 0.254 1.934
6.000 0.251 1.922
6.100 0.248 1.916
6.200 0.244 1.905
6.300 0.241 1.894
6.400 0.238 1.883
6.500 0.234 1.873
6.600 0.232 1.867
6.700 0.229 1.857
6.800 0.226 1.847
6.900 0.223 1.837
7.000 0.221 1.828
7.100 0.218 1.819
7.200 0.216 1.814
7.300 0.213 1.805
7.400 0.211 1.796
7.500 0.208 1.788
7.600 0.206 1.779
7.700 0.204 1.775
7.800 0.202 1.767
7.900 0.200 1.759
8.000 0.198 1.751
8.100 0.196 1.743
8.200 0.194 1.736
8.300 0.192 1.728
8.400 0.190 1.725
8.500 0.188 1.718
8.600 0.186 1.711
8.700 0.184 1.703
8.800 0.183 1.696
8.900 0.181 1.690
9.000 0.179 1.683
9.100 0.177 1.676
9.200 0.176 1.674
9.300 0.175 1.667
9.400 0.173 1.661
9.500 0.171 1.655
9.600 0.170 1.648
9.700 0.168 1.642
9.800 0.167 1.636
9.900 0.165 1.630
10.000 0.164 1.629
