0.100 11.189 11.082
0.200 5.307 7.434
0.300 3.643 6.250
0.400 2.831 5.608
0.500 2.336 5.173
0.600 1.996 4.842
0.700 1.752 4.592
0.800 1.561 4.373
0.900 1.415 4.205
1.000 1.294 4.054
1.100 1.195 3.925
1.200 1.112 3.814
1.300 1.038 3.708
1.400 0.977 3.622
1.500 0.922 3.537
1.600 0.873 3.460
1.700 0.830 3.390
1.800 0.793 3.334
1.900 0.759 3.275
2.000 0.725 3.213
2.100 0.697 3.163
2.200 0.671 3.116
2.300 0.647 3.073
2.400 0.625 3.032
2.500 0.603 2.987
2.600 0.584 2.951
2.700 0.567 2.918
2.800 0.549 2.879
2.900 0.534 2.849
3.000 0.519 2.814
3.100 0.505 2.787
3.200 0.492 2.755
3.300 0.480 2.731
3.400 0.468 2.701
3.500 0.457 2.679
3.600 0.446 2.652
3.700 0.437 2.632
3.800 0.427 2.607
3.900 0.417 2.582
4.000 0.409 2.565
4.100 0.401 2.542
4.200 0.394 2.526
4.300 0.386 2.504
4.400 0.378 2.484
4.500 0.372 2.470
4.600 0.365 2.450
4.700 0.358 2.431
4.800 0.352 2.419
4.900 0.346 2.401
5.000 0.340 2.383
5.100 0.335 2.366
5.200 0.330 2.355
5.300 0.324 2.339
5.400 0.319 2.323
5.500 0.314 2.308
5.600 0.310 2.299
5.700 0.305 2.284
5.800 0.301 2.270
5.900 0.297 2.256
6.000 0.293 2.248
6.100 0.289 2.235
6.200 0.285 2.222
6.300 0.281 2.209
6.400 0.278 2.202
6.500 0.274 2.190
6.600 0.271 2.178
6.700 0.267 2.166
6.800 0.264 2.154
6.900 0.261 2.148
7.000 0.258 2.137
7.100 0.255 2.126
7.200 0.252 2.116
7.300 0.249 2.105
7.400 0.246 2.095
7.500 0.244 2.090
7.600 0.241 2.080
7.700 0.238 2.071
7.800 0.236 2.061
7.900 0.233 2.052
8.000 0.231 2.042
8.100 0.229 2.038
8.200 0.226 2.029
8.300 0.224 2.021
8.400 0.222 2.012
8.500 0.219 2.003
8.600 0.217 1.995
8.700 0.215 1.987
8.800 0.213 1.984
8.900 0.211 1.976
9.000 0.209 1.968
9.100 0.207 1.960
9.200 0.206 1.952
9.300 0.204 1.945
9.400 0.202 1.937
9.500 0.200 1.935
9.600 0.199 1.928
9.700 0.197 1.920
9.800 0.195 1.913
9.900 0.193 1.906
10.000 0.192 1.900
