0.100 12.248 12.131
0.200 5.793 8.115
0.300 3.967 6.805
0.400 3.071 6.083
0.500 2.522 5.586
0.600 2.152 5.221
0.700 1.883 4.934
0.800 1.680 4.707
0.900 1.518 4.510
1.000 1.387 4.346
1.100 1.280 4.205
1.200 1.190 4.084
1.300 1.111 3.968
1.400 1.045 3.874
1.500 0.986 3.782
1.600 0.933 3.698
1.700 0.887 3.622
1.800 0.845 3.552
1.900 0.808 3.489
2.000 0.774 3.430
2.100 0.744 3.375
2.200 0.714 3.316
2.300 0.688 3.270
2.400 0.665 3.226
2.500 0.643 3.185
2.600 0.621 3.138
2.700 0.603 3.102
2.800 0.584 3.060
2.900 0.568 3.028
3.000 0.551 2.990
3.100 0.537 2.961
3.200 0.522 2.927
3.300 0.510 2.901
3.400 0.497 2.869
3.500 0.486 2.846
3.600 0.474 2.816
3.700 0.464 2.795
3.800 0.453 2.768
3.900 0.443 2.741
4.000 0.435 2.723
4.100 0.425 2.698
4.200 0.417 2.675
4.300 0.409 2.658
4.400 0.401 2.636
4.500 0.394 2.615
4.600 0.387 2.600
4.700 0.380 2.580
4.800 0.373 2.560
4.900 0.367 2.548
5.000 0.361 2.529
5.100 0.355 2.511
5.200 0.349 2.493
5.300 0.344 2.482
5.400 0.339 2.466
5.500 0.333 2.449
5.600 0.328 2.433
5.700 0.324 2.424
5.800 0.319 2.409
5.900 0.315 2.394
6.000 0.310 2.380
6.100 0.307 2.371
6.200 0.302 2.358
6.300 0.298 2.344
6.400 0.294 2.331
6.500 0.290 2.318
6.600 0.287 2.311
6.700 0.284 2.298
6.800 0.280 2.286
6.900 0.276 2.274
7.000 0.273 2.263
7.100 0.270 2.257
7.200 0.267 2.246
7.300 0.264 2.235
7.400 0.261 2.224
7.500 0.258 2.213
7.600 0.255 2.203
7.700 0.253 2.198
7.800 0.250 2.188
7.900 0.247 2.178
8.000 0.245 2.168
8.100 0.242 2.159
8.200 0.240 2.149
8.300 0.238 2.145
8.400 0.235 2.136
8.500 0.233 2.127
8.600 0.231 2.118
8.700 0.228 2.110
8.800 0.226 2.101
8.900 0.224 2.093
9.000 0.222 2.090
9.100 0.220 2.082
9.200 0.218 2.073
9.300 0.216 2.066
9.400 0.214 2.058
9.500 0.212 2.050
9.600 0.210 2.042
9.700 0.209 2.035
9.800 0.207 2.033
9.900 0.206 2.026
10.000 0.204 2.018
