0.100 4.620 4.576
0.200 2.588 3.626
0.300 1.861 3.193
0.400 1.479 2.930
0.500 1.237 2.739
0.600 1.070 2.596
0.700 0.945 2.475
0.800 0.851 2.384
0.900 0.773 2.298
1.000 0.712 2.231
1.100 0.660 2.168
1.200 0.614 2.108
1.300 0.577 2.060
1.400 0.543 2.012
1.500 0.515 1.974
1.600 0.488 1.935
1.700 0.465 1.899
1.800 0.444 1.866
1.900 0.425 1.836
2.000 0.408 1.808
2.100 0.393 1.782
2.200 0.378 1.757
2.300 0.364 1.730
2.400 0.352 1.709
2.500 0.341 1.689
2.600 0.330 1.666
2.700 0.320 1.648
2.800 0.311 1.627
2.900 0.302 1.612
3.000 0.294 1.597
3.100 0.286 1.578
3.200 0.279 1.561
3.300 0.272 1.548
3.400 0.265 1.532
3.500 0.259 1.520
3.600 0.253 1.505
3.700 0.248 1.495
3.800 0.243 1.481
3.900 0.237 1.467
4.000 0.233 1.458
4.100 0.228 1.446
4.200 0.223 1.433
4.300 0.219 1.425
4.400 0.215 1.414
4.500 0.211 1.403
4.600 0.207 1.392
4.700 0.204 1.385
4.800 0.200 1.375
4.900 0.197 1.365
5.000 0.193 1.355
5.100 0.191 1.349
5.200 0.188 1.340
5.300 0.185 1.331
5.400 0.182 1.322
5.500 0.179 1.317
5.600 0.177 1.309
5.700 0.174 1.301
5.800 0.171 1.293
5.900 0.169 1.285
6.000 0.167 1.281
6.100 0.165 1.274
6.200 0.162 1.266
6.300 0.160 1.259
6.400 0.158 1.253
6.500 0.156 1.246
6.600 0.154 1.242
6.700 0.152 1.236
6.800 0.151 1.229
6.900 0.149 1.223
7.000 0.147 1.217
7.100 0.145 1.211
7.200 0.144 1.208
7.300 0.142 1.202
7.400 0.140 1.197
7.500 0.139 1.191
7.600 0.137 1.186
7.700 0.136 1.180
7.800 0.134 1.175
7.900 0.133 1.170
8.000 0.132 1.168
8.100 0.130 1.163
8.200 0.129 1.158
8.300 0.128 1.153
8.400 0.126 1.148
8.500 0.125 1.143
8.600 0.124 1.139
8.700 0.123 1.134
8.800 0.122 1.133
8.900 0.121 1.128
9.000 0.120 1.124
9.100 0.119 1.120
9.200 0.117 1.116
9.300 0.116 1.111
9.400 0.115 1.107
9.500 0.114 1.103
9.600 0.113 1.099
9.700 0.112 1.095
9.800 0.112 1.094
9.900 0.111 1.091
10.000 0.110 1.087
