0.100 13.232 13.105
0.200 6.235 8.733
0.300 4.272 7.328
0.400 3.306 6.548
0.500 2.714 6.011
0.600 2.315 5.617
0.700 2.025 5.306
0.800 1.806 5.060
0.900 1.632 4.848
1.000 1.491 4.670
1.100 1.375 4.518
1.200 1.275 4.376
1.300 1.193 4.261
1.400 1.120 4.150
1.500 1.056 4.050
1.600 1.002 3.970
1.700 0.952 3.887
1.800 0.907 3.812
1.900 0.867 3.744
2.000 0.829 3.671
2.100 0.796 3.612
2.200 0.766 3.558
2.300 0.738 3.507
2.400 0.711 3.451
2.500 0.688 3.407
2.600 0.666 3.365
2.700 0.645 3.318
2.800 0.626 3.281
2.900 0.607 3.238
3.000 0.591 3.206
3.100 0.574 3.167
3.200 0.560 3.137
3.300 0.545 3.102
3.400 0.532 3.075
3.500 0.519 3.042
3.600 0.508 3.018
3.700 0.496 2.988
3.800 0.485 2.959
3.900 0.475 2.938
4.000 0.465 2.911
4.100 0.455 2.884
4.200 0.447 2.866
4.300 0.438 2.842
4.400 0.429 2.818
4.500 0.422 2.802
4.600 0.414 2.779
4.700 0.406 2.758
4.800 0.400 2.743
4.900 0.393 2.723
5.000 0.386 2.703
5.100 0.380 2.690
5.200 0.374 2.671
5.300 0.368 2.653
5.400 0.362 2.635
5.500 0.357 2.624
5.600 0.352 2.607
5.700 0.346 2.591
5.800 0.341 2.574
5.900 0.337 2.565
6.000 0.332 2.549
6.100 0.328 2.534
6.200 0.323 2.520
6.300 0.319 2.505
6.400 0.315 2.497
6.500 0.311 2.483
6.600 0.307 2.470
6.700 0.303 2.457
6.800 0.299 2.443
6.900 0.296 2.437
7.000 0.293 2.424
7.100 0.289 2.412
7.200 0.286 2.400
7.300 0.282 2.388
7.400 0.279 2.377
7.500 0.276 2.371
7.600 0.273 2.360
7.700 0.270 2.349
7.800 0.267 2.339
7.900 0.264 2.328
8.000 0.262 2.318
8.100 0.259 2.313
8.200 0.257 2.303
8.300 0.254 2.293
8.400 0.252 2.283
8.500 0.249 2.274
8.600 0.247 2.265
8.700 0.244 2.255
8.800 0.242 2.252
8.900 0.240 2.243
9.000 0.238 2.234
9.100 0.236 2.225
9.200 0.233 2.217
9.300 0.231 2.208
9.400 0.229 2.200
9.500 0.228 2.198
9.600 0.226 2.189
9.700 0.224 2.181
9.800 0.222 2.174
9.900 0.220 2.166
10.000 0.218 2.158
