0.100 4.633 4.589
0.200 2.593 3.632
0.300 1.865 3.200
0.400 1.482 2.936
0.500 1.240 2.746
0.600 1.073 2.602
0.700 0.947 2.481
0.800 0.853 2.390
0.900 0.775 2.303
1.000 0.714 2.236
1.100 0.662 2.173
1.200 0.616 2.113
1.300 0.578 2.065
1.400 0.544 2.017
1.500 0.516 1.979
1.600 0.490 1.939
1.700 0.466 1.903
1.800 0.445 1.870
1.900 0.426 1.840
2.000 0.409 1.812
2.100 0.393 1.786
2.200 0.379 1.761
2.300 0.365 1.734
2.400 0.353 1.713
2.500 0.342 1.693
2.600 0.331 1.669
2.700 0.321 1.652
2.800 0.311 1.631
2.900 0.303 1.615
3.000 0.294 1.596
3.100 0.287 1.581
3.200 0.279 1.564
3.300 0.273 1.551
3.400 0.266 1.535
3.500 0.260 1.523
3.600 0.254 1.508
3.700 0.248 1.494
3.800 0.243 1.483
3.900 0.238 1.470
4.000 0.233 1.461
4.100 0.228 1.448
4.200 0.224 1.436
4.300 0.219 1.424
4.400 0.216 1.416
4.500 0.211 1.405
4.600 0.208 1.394
4.700 0.204 1.387
4.800 0.201 1.377
4.900 0.197 1.367
5.000 0.194 1.357
5.100 0.191 1.351
5.200 0.188 1.342
5.300 0.185 1.333
5.400 0.182 1.324
5.500 0.180 1.319
5.600 0.177 1.311
5.700 0.174 1.303
5.800 0.172 1.295
5.900 0.169 1.287
6.000 0.167 1.283
6.100 0.165 1.275
6.200 0.163 1.268
6.300 0.160 1.261
6.400 0.158 1.254
6.500 0.156 1.247
6.600 0.155 1.244
6.700 0.153 1.237
6.800 0.151 1.231
6.900 0.149 1.225
7.000 0.147 1.218
7.100 0.145 1.212
7.200 0.144 1.210
7.300 0.142 1.204
7.400 0.141 1.198
7.500 0.139 1.192
7.600 0.137 1.187
7.700 0.136 1.182
7.800 0.134 1.176
7.900 0.133 1.171
8.000 0.132 1.169
8.100 0.131 1.164
8.200 0.129 1.159
8.300 0.128 1.154
8.400 0.127 1.149
8.500 0.125 1.145
8.600 0.124 1.140
8.700 0.123 1.135
8.800 0.122 1.134
8.900 0.121 1.129
9.000 0.120 1.125
9.100 0.119 1.121
9.200 0.118 1.116
9.300 0.116 1.112
9.400 0.115 1.108
9.500 0.114 1.104
9.600 0.113 1.100
9.700 0.112 1.096
9.800 0.112 1.095
9.900 0.111 1.091
10.000 0.110 1.087
