0.100 21.213 21.010
0.200 7.012 9.822
0.300 4.553 7.810
0.400 3.454 6.841
0.500 2.807 6.216
0.600 2.378 5.769
0.700 2.069 5.422
0.800 1.834 5.138
0.900 1.652 4.907
1.000 1.506 4.716
1.100 1.386 4.553
1.200 1.286 4.413
1.300 1.198 4.280
1.400 1.123 4.162
1.500 1.058 4.057
1.600 1.000 3.962
1.700 0.949 3.876
1.800 0.904 3.797
1.900 0.863 3.725
2.000 0.826 3.659
2.100 0.793 3.598
2.200 0.760 3.533
2.300 0.733 3.480
2.400 0.707 3.431
2.500 0.682 3.376
2.600 0.660 3.333
2.700 0.640 3.293
2.800 0.619 3.247
2.900 0.602 3.211
3.000 0.584 3.169
3.100 0.569 3.137
3.200 0.553 3.098
3.300 0.538 3.062
3.400 0.525 3.035
3.500 0.512 3.001
3.600 0.501 2.976
3.700 0.489 2.945
3.800 0.477 2.915
3.900 0.468 2.894
4.000 0.457 2.866
4.100 0.449 2.846
4.200 0.439 2.820
4.300 0.430 2.795
4.400 0.422 2.770
4.500 0.414 2.754
4.600 0.407 2.731
4.700 0.399 2.709
4.800 0.393 2.694
4.900 0.386 2.673
5.000 0.379 2.653
5.100 0.372 2.633
5.200 0.367 2.620
5.300 0.361 2.602
5.400 0.355 2.583
5.500 0.349 2.566
5.600 0.345 2.555
5.700 0.339 2.538
5.800 0.334 2.521
5.900 0.329 2.505
6.000 0.325 2.496
6.100 0.321 2.480
6.200 0.316 2.465
6.300 0.312 2.450
6.400 0.307 2.436
6.500 0.304 2.428
6.600 0.300 2.414
6.700 0.296 2.401
6.800 0.292 2.387
6.900 0.289 2.374
7.000 0.286 2.368
7.100 0.282 2.355
7.200 0.279 2.343
7.300 0.275 2.331
7.400 0.272 2.319
7.500 0.269 2.308
7.600 0.267 2.302
7.700 0.264 2.291
7.800 0.261 2.280
7.900 0.258 2.269
8.000 0.255 2.259
8.100 0.252 2.248
8.200 0.250 2.238
8.300 0.248 2.234
8.400 0.245 2.224
8.500 0.242 2.214
8.600 0.240 2.204
8.700 0.238 2.195
8.800 0.235 2.186
8.900 0.233 2.176
9.000 0.231 2.173
9.100 0.229 2.164
9.200 0.227 2.155
9.300 0.225 2.147
9.400 0.223 2.138
9.500 0.221 2.130
9.600 0.219 2.122
9.700 0.217 2.114
9.800 0.215 2.111
9.900 0.213 2.103
10.000 0.212 2.095
