0.100 21.932 21.722
0.200 7.246 10.149
0.300 4.717 8.092
0.400 3.558 7.049
0.500 2.888 6.397
0.600 2.445 5.932
0.700 2.128 5.577
0.800 1.888 5.290
0.900 1.702 5.056
1.000 1.552 4.860
1.100 1.429 4.693
1.200 1.326 4.549
1.300 1.236 4.413
1.400 1.158 4.292
1.500 1.091 4.183
1.600 1.031 4.086
1.700 0.979 3.997
1.800 0.932 3.916
1.900 0.890 3.842
2.000 0.852 3.774
2.100 0.818 3.711
2.200 0.784 3.643
2.300 0.755 3.589
2.400 0.729 3.538
2.500 0.703 3.482
2.600 0.681 3.437
2.700 0.658 3.387
2.800 0.639 3.347
2.900 0.619 3.302
3.000 0.602 3.267
3.100 0.585 3.226
3.200 0.570 3.194
3.300 0.555 3.156
3.400 0.542 3.128
3.500 0.528 3.093
3.600 0.516 3.068
3.700 0.504 3.035
3.800 0.492 3.005
3.900 0.482 2.982
4.000 0.471 2.953
4.100 0.461 2.926
4.200 0.453 2.906
4.300 0.443 2.880
4.400 0.435 2.855
4.500 0.427 2.838
4.600 0.419 2.814
4.700 0.411 2.791
4.800 0.404 2.769
4.900 0.397 2.754
5.000 0.390 2.733
5.100 0.384 2.713
5.200 0.378 2.700
5.300 0.372 2.681
5.400 0.366 2.662
5.500 0.360 2.643
5.600 0.354 2.625
5.700 0.350 2.614
5.800 0.344 2.597
5.900 0.339 2.581
6.000 0.334 2.564
6.100 0.330 2.555
6.200 0.326 2.539
6.300 0.321 2.524
6.400 0.317 2.509
6.500 0.312 2.495
6.600 0.309 2.487
6.700 0.305 2.473
6.800 0.301 2.459
6.900 0.297 2.446
7.000 0.294 2.432
7.100 0.290 2.420
7.200 0.287 2.413
7.300 0.284 2.401
7.400 0.280 2.388
7.500 0.277 2.377
7.600 0.274 2.365
7.700 0.271 2.353
7.800 0.268 2.348
7.900 0.265 2.337
8.000 0.263 2.326
8.100 0.260 2.315
8.200 0.257 2.305
8.300 0.254 2.294
8.400 0.252 2.290
8.500 0.250 2.280
8.600 0.247 2.270
8.700 0.245 2.260
8.800 0.242 2.250
8.900 0.240 2.241
9.000 0.238 2.232
9.100 0.235 2.223
9.200 0.234 2.219
9.300 0.231 2.210
9.400 0.229 2.202
9.500 0.227 2.193
9.600 0.225 2.184
9.700 0.223 2.176
9.800 0.221 2.168
9.900 0.219 2.160
10.000 0.218 2.157
