0.100 15.999 15.846
0.200 6.936 9.716
0.300 4.665 8.004
0.400 3.577 7.085
0.500 2.917 6.459
0.600 2.480 6.018
0.700 2.164 5.672
0.800 1.927 5.399
0.900 1.738 5.165
1.000 1.586 4.969
1.100 1.458 4.789
1.200 1.354 4.645
1.300 1.262 4.508
1.400 1.184 4.387
1.500 1.115 4.278
1.600 1.055 4.179
1.700 1.002 4.090
1.800 0.954 4.009
1.900 0.911 3.934
2.000 0.873 3.865
2.100 0.838 3.801
2.200 0.803 3.733
2.300 0.774 3.678
2.400 0.747 3.627
2.500 0.721 3.570
2.600 0.698 3.525
2.700 0.675 3.474
2.800 0.655 3.434
2.900 0.635 3.388
3.000 0.618 3.353
3.100 0.600 3.311
3.200 0.585 3.279
3.300 0.570 3.241
3.400 0.556 3.212
3.500 0.542 3.177
3.600 0.529 3.143
3.700 0.518 3.118
3.800 0.506 3.087
3.900 0.495 3.065
4.000 0.485 3.036
4.100 0.474 3.007
4.200 0.465 2.988
4.300 0.456 2.961
4.400 0.447 2.936
4.500 0.438 2.911
4.600 0.431 2.895
4.700 0.423 2.872
4.800 0.415 2.849
4.900 0.409 2.834
5.000 0.402 2.813
5.100 0.395 2.792
5.200 0.388 2.772
5.300 0.383 2.760
5.400 0.377 2.741
5.500 0.371 2.722
5.600 0.365 2.704
5.700 0.360 2.693
5.800 0.355 2.676
5.900 0.349 2.659
6.000 0.344 2.642
6.100 0.340 2.626
6.200 0.336 2.617
6.300 0.331 2.602
6.400 0.326 2.587
6.500 0.322 2.572
6.600 0.318 2.558
6.700 0.315 2.550
6.800 0.311 2.536
6.900 0.307 2.523
7.000 0.303 2.510
7.100 0.299 2.497
7.200 0.296 2.484
7.300 0.293 2.478
7.400 0.289 2.465
7.500 0.286 2.453
7.600 0.283 2.442
7.700 0.280 2.430
7.800 0.276 2.419
7.900 0.274 2.413
8.000 0.271 2.402
8.100 0.268 2.392
8.200 0.265 2.381
8.300 0.263 2.371
8.400 0.260 2.360
8.500 0.257 2.350
8.600 0.255 2.346
8.700 0.253 2.336
8.800 0.250 2.327
8.900 0.248 2.317
9.000 0.246 2.308
9.100 0.243 2.299
9.200 0.241 2.290
9.300 0.239 2.287
9.400 0.237 2.278
9.500 0.235 2.269
9.600 0.233 2.261
9.700 0.231 2.252
9.800 0.229 2.244
9.900 0.227 2.236
10.000 0.225 2.228
