0.100 8.659 8.576
0.200 4.085 5.721
0.300 2.796 4.797
0.400 2.171 4.301
0.500 1.786 3.956
0.600 1.527 3.703
0.700 1.337 3.504
0.800 1.194 3.346
0.900 1.080 3.209
1.000 0.988 3.095
1.100 0.912 2.997
1.200 0.849 2.913
1.300 0.793 2.832
1.400 0.747 2.767
1.500 0.704 2.702
1.600 0.667 2.643
1.700 0.634 2.590
1.800 0.605 2.542
1.900 0.578 2.497
2.000 0.554 2.456
2.100 0.533 2.418
2.200 0.513 2.382
2.300 0.493 2.343
2.400 0.477 2.312
2.500 0.461 2.283
2.600 0.446 2.251
2.700 0.432 2.225
2.800 0.419 2.195
2.900 0.407 2.173
3.000 0.397 2.151
3.100 0.385 2.125
3.200 0.376 2.106
3.300 0.366 2.083
3.400 0.357 2.060
3.500 0.349 2.043
3.600 0.340 2.022
3.700 0.333 2.007
3.800 0.326 1.988
3.900 0.318 1.969
4.000 0.312 1.956
4.100 0.306 1.938
4.200 0.299 1.921
4.300 0.294 1.910
4.400 0.288 1.894
4.500 0.283 1.878
4.600 0.278 1.868
4.700 0.273 1.854
4.800 0.268 1.839
4.900 0.264 1.830
5.000 0.259 1.817
5.100 0.255 1.804
5.200 0.251 1.791
5.300 0.247 1.783
5.400 0.243 1.771
5.500 0.240 1.759
5.600 0.236 1.748
5.700 0.233 1.741
5.800 0.229 1.730
5.900 0.226 1.720
6.000 0.223 1.709
6.100 0.220 1.699
6.200 0.217 1.693
6.300 0.214 1.683
6.400 0.211 1.674
6.500 0.208 1.664
6.600 0.206 1.655
6.700 0.204 1.650
6.800 0.201 1.641
6.900 0.198 1.633
7.000 0.196 1.624
7.100 0.194 1.616
7.200 0.191 1.608
7.300 0.190 1.604
7.400 0.187 1.596
7.500 0.185 1.588
7.600 0.183 1.581
7.700 0.181 1.573
7.800 0.179 1.566
7.900 0.177 1.563
8.000 0.176 1.555
8.100 0.174 1.549
8.200 0.172 1.542
8.300 0.170 1.535
8.400 0.168 1.528
8.500 0.167 1.522
8.600 0.165 1.515
8.700 0.164 1.513
8.800 0.162 1.507
8.900 0.161 1.500
9.000 0.159 1.494
9.100 0.158 1.488
9.200 0.156 1.482
9.300 0.155 1.477
9.400 0.153 1.471
9.500 0.152 1.469
9.600 0.151 1.464
9.700 0.149 1.458
9.800 0.148 1.453
9.900 0.147 1.447
10.000 0.146 1.442
