0.100 13.161 13.036
0.200 5.754 8.060
0.300 3.871 6.640
0.400 2.969 5.881
0.500 2.429 5.379
0.600 2.067 5.015
0.700 1.805 4.730
0.800 1.608 4.506
0.900 1.451 4.312
1.000 1.325 4.151
1.100 1.222 4.014
1.200 1.132 3.885
1.300 1.059 3.782
1.400 0.993 3.681
1.500 0.936 3.591
1.600 0.886 3.510
1.700 0.841 3.436
1.800 0.802 3.369
1.900 0.766 3.307
2.000 0.734 3.250
2.100 0.703 3.190
2.200 0.676 3.141
2.300 0.652 3.096
2.400 0.629 3.053
2.500 0.607 3.006
2.600 0.588 2.969
2.700 0.569 2.927
2.800 0.552 2.894
2.900 0.535 2.856
3.000 0.521 2.826
3.100 0.506 2.792
3.200 0.494 2.765
3.300 0.480 2.733
3.400 0.469 2.710
3.500 0.457 2.680
3.600 0.447 2.659
3.700 0.437 2.632
3.800 0.427 2.606
3.900 0.418 2.587
4.000 0.409 2.563
4.100 0.400 2.539
4.200 0.393 2.523
4.300 0.385 2.501
4.400 0.377 2.480
4.500 0.371 2.465
4.600 0.364 2.445
4.700 0.357 2.426
4.800 0.352 2.413
4.900 0.345 2.395
5.000 0.339 2.377
5.100 0.334 2.360
5.200 0.329 2.349
5.300 0.323 2.333
5.400 0.318 2.317
5.500 0.313 2.301
5.600 0.309 2.292
5.700 0.304 2.277
5.800 0.300 2.262
5.900 0.295 2.248
6.000 0.292 2.240
6.100 0.288 2.226
6.200 0.284 2.213
6.300 0.280 2.200
6.400 0.276 2.188
6.500 0.273 2.181
6.600 0.269 2.169
6.700 0.266 2.157
6.800 0.263 2.145
6.900 0.259 2.134
7.000 0.257 2.128
7.100 0.254 2.117
7.200 0.251 2.106
7.300 0.248 2.096
7.400 0.245 2.085
7.500 0.242 2.075
7.600 0.240 2.070
7.700 0.237 2.060
7.800 0.234 2.051
7.900 0.232 2.041
8.000 0.229 2.032
8.100 0.227 2.023
8.200 0.225 2.014
8.300 0.223 2.010
8.400 0.220 2.002
8.500 0.218 1.993
8.600 0.216 1.985
8.700 0.214 1.976
8.800 0.212 1.968
8.900 0.210 1.960
9.000 0.208 1.957
9.100 0.206 1.949
9.200 0.204 1.942
9.300 0.202 1.934
9.400 0.201 1.927
9.500 0.199 1.919
9.600 0.197 1.912
9.700 0.195 1.905
9.800 0.194 1.903
9.900 0.192 1.896
10.000 0.191 1.889
