0.100 10.191 10.094
0.200 4.792 6.712
0.300 3.281 5.629
0.400 2.537 5.026
0.500 2.085 4.618
0.600 1.780 4.318
0.700 1.557 4.081
0.800 1.390 3.893
0.900 1.256 3.731
1.000 1.148 3.595
1.100 1.059 3.480
1.200 0.983 3.371
1.300 0.920 3.284
1.400 0.863 3.198
1.500 0.814 3.122
1.600 0.771 3.053
1.700 0.732 2.990
1.800 0.698 2.933
1.900 0.667 2.881
2.000 0.639 2.832
2.100 0.614 2.787
2.200 0.589 2.739
2.300 0.568 2.700
2.400 0.549 2.664
2.500 0.530 2.623
2.600 0.513 2.591
2.700 0.498 2.561
2.800 0.482 2.527
2.900 0.469 2.500
3.000 0.455 2.469
3.100 0.443 2.445
3.200 0.431 2.416
3.300 0.421 2.395
3.400 0.410 2.369
3.500 0.401 2.349
3.600 0.391 2.325
3.700 0.382 2.301
3.800 0.374 2.285
3.900 0.366 2.263
4.000 0.358 2.242
4.100 0.351 2.227
4.200 0.344 2.207
4.300 0.337 2.188
4.400 0.331 2.176
4.500 0.325 2.158
4.600 0.319 2.140
4.700 0.314 2.129
4.800 0.308 2.112
4.900 0.302 2.097
5.000 0.298 2.086
5.100 0.293 2.071
5.200 0.288 2.057
5.300 0.283 2.042
5.400 0.279 2.034
5.500 0.275 2.020
5.600 0.271 2.007
5.700 0.267 1.994
5.800 0.263 1.981
5.900 0.259 1.974
6.000 0.256 1.962
6.100 0.252 1.950
6.200 0.249 1.938
6.300 0.246 1.932
6.400 0.242 1.921
6.500 0.239 1.910
6.600 0.236 1.900
6.700 0.233 1.889
6.800 0.230 1.879
6.900 0.228 1.874
7.000 0.225 1.864
7.100 0.222 1.855
7.200 0.220 1.845
7.300 0.217 1.836
7.400 0.214 1.827
7.500 0.212 1.823
7.600 0.210 1.814
7.700 0.208 1.805
7.800 0.205 1.797
7.900 0.203 1.789
8.000 0.201 1.780
8.100 0.199 1.777
8.200 0.197 1.769
8.300 0.195 1.761
8.400 0.193 1.754
8.500 0.191 1.746
8.600 0.189 1.739
8.700 0.187 1.732
8.800 0.186 1.729
8.900 0.184 1.722
9.000 0.182 1.715
9.100 0.181 1.708
9.200 0.179 1.701
9.300 0.177 1.695
9.400 0.176 1.688
9.500 0.174 1.682
9.600 0.173 1.680
9.700 0.172 1.673
9.800 0.170 1.667
9.900 0.169 1.661
10.000 0.167 1.655
