0.100 4.520 4.477
0.200 2.493 3.492
0.300 1.781 3.056
0.400 1.408 2.790
0.500 1.173 2.597
0.600 1.010 2.452
0.700 0.893 2.340
0.800 0.802 2.246
0.900 0.728 2.163
1.000 0.668 2.093
1.100 0.619 2.033
1.200 0.577 1.981
1.300 0.540 1.930
1.400 0.510 1.889
1.500 0.482 1.848
1.600 0.457 1.811
1.700 0.435 1.777
1.800 0.415 1.746
1.900 0.398 1.717
2.000 0.382 1.690
2.100 0.367 1.666
2.200 0.353 1.639
2.300 0.340 1.617
2.400 0.329 1.597
2.500 0.318 1.574
2.600 0.308 1.557
2.700 0.299 1.540
2.800 0.290 1.520
2.900 0.282 1.506
3.000 0.274 1.488
3.100 0.267 1.471
3.200 0.260 1.458
3.300 0.254 1.442
3.400 0.248 1.431
3.500 0.242 1.417
3.600 0.237 1.406
3.700 0.231 1.393
3.800 0.226 1.380
3.900 0.222 1.371
4.000 0.217 1.359
4.100 0.212 1.347
4.200 0.209 1.339
4.300 0.204 1.328
4.400 0.201 1.318
4.500 0.197 1.307
4.600 0.194 1.301
4.700 0.190 1.291
4.800 0.187 1.281
4.900 0.183 1.272
5.000 0.181 1.266
5.100 0.178 1.258
5.200 0.175 1.249
5.300 0.172 1.241
5.400 0.170 1.236
5.500 0.167 1.228
5.600 0.165 1.221
5.700 0.162 1.213
5.800 0.160 1.206
5.900 0.158 1.202
6.000 0.156 1.195
6.100 0.154 1.188
6.200 0.151 1.181
6.300 0.149 1.175
6.400 0.147 1.168
6.500 0.146 1.165
6.600 0.144 1.159
6.700 0.142 1.153
6.800 0.140 1.147
6.900 0.139 1.141
7.000 0.137 1.136
7.100 0.136 1.133
7.200 0.134 1.128
7.300 0.133 1.122
7.400 0.131 1.117
7.500 0.130 1.112
7.600 0.128 1.107
7.700 0.127 1.102
7.800 0.125 1.097
7.900 0.124 1.095
8.000 0.123 1.090
8.100 0.122 1.086
8.200 0.121 1.081
8.300 0.119 1.077
8.400 0.118 1.072
8.500 0.117 1.068
8.600 0.116 1.064
8.700 0.115 1.062
8.800 0.114 1.058
8.900 0.113 1.054
9.000 0.112 1.050
9.100 0.111 1.046
9.200 0.110 1.042
9.300 0.109 1.039
9.400 0.108 1.035
9.500 0.107 1.031
9.600 0.106 1.028
9.700 0.105 1.027
9.800 0.104 1.023
9.900 0.103 1.020
10.000 0.103 1.016
