0.100 9.059 8.973
0.200 4.271 5.982
0.300 2.930 5.027
0.400 2.271 4.500
0.500 1.868 4.136
0.600 1.595 3.870
0.700 1.397 3.660
0.800 1.247 3.494
0.900 1.128 3.350
1.000 1.031 3.230
1.100 0.952 3.128
1.200 0.886 3.039
1.300 0.827 2.954
1.400 0.779 2.886
1.500 0.735 2.818
1.600 0.696 2.756
1.700 0.661 2.701
1.800 0.631 2.650
1.900 0.603 2.603
2.000 0.578 2.560
2.100 0.555 2.520
2.200 0.533 2.476
2.300 0.514 2.442
2.400 0.497 2.410
2.500 0.479 2.373
2.600 0.464 2.345
2.700 0.450 2.318
2.800 0.436 2.287
2.900 0.424 2.264
3.000 0.412 2.235
3.100 0.402 2.214
3.200 0.391 2.188
3.300 0.381 2.169
3.400 0.372 2.146
3.500 0.362 2.123
3.600 0.354 2.107
3.700 0.346 2.085
3.800 0.339 2.070
3.900 0.332 2.051
4.000 0.324 2.032
4.100 0.318 2.019
4.200 0.312 2.001
4.300 0.305 1.984
4.400 0.300 1.972
4.500 0.294 1.956
4.600 0.289 1.941
4.700 0.284 1.930
4.800 0.279 1.916
4.900 0.274 1.901
5.000 0.270 1.887
5.100 0.266 1.879
5.200 0.261 1.865
5.300 0.257 1.853
5.400 0.253 1.840
5.500 0.249 1.832
5.600 0.246 1.821
5.700 0.242 1.809
5.800 0.238 1.797
5.900 0.235 1.791
6.000 0.232 1.780
6.100 0.229 1.769
6.200 0.226 1.759
6.300 0.222 1.749
6.400 0.220 1.743
6.500 0.217 1.733
6.600 0.214 1.724
6.700 0.211 1.715
6.800 0.209 1.705
6.900 0.207 1.701
7.000 0.204 1.692
7.100 0.202 1.683
7.200 0.199 1.675
7.300 0.197 1.666
7.400 0.195 1.658
7.500 0.193 1.654
7.600 0.191 1.646
7.700 0.189 1.639
7.800 0.186 1.631
7.900 0.184 1.624
8.000 0.182 1.616
8.100 0.181 1.609
8.200 0.179 1.606
8.300 0.177 1.599
8.400 0.175 1.592
8.500 0.174 1.585
8.600 0.172 1.579
8.700 0.170 1.572
8.800 0.168 1.566
8.900 0.167 1.563
9.000 0.166 1.557
9.100 0.164 1.551
9.200 0.163 1.545
9.300 0.161 1.539
9.400 0.160 1.533
9.500 0.158 1.527
9.600 0.157 1.521
9.700 0.155 1.515
9.800 0.154 1.514
9.900 0.153 1.508
10.000 0.152 1.503
