0.100 20.657 20.460
0.200 6.836 9.575
0.300 4.436 7.609
0.400 3.362 6.659
0.500 2.732 6.050
0.600 2.314 5.614
0.700 2.014 5.277
0.800 1.785 5.001
0.900 1.608 4.777
1.000 1.466 4.590
1.100 1.349 4.432
1.200 1.252 4.296
1.300 1.167 4.167
1.400 1.094 4.053
1.500 1.030 3.951
1.600 0.974 3.858
1.700 0.924 3.775
1.800 0.880 3.699
1.900 0.841 3.629
2.000 0.805 3.565
2.100 0.772 3.506
2.200 0.743 3.451
2.300 0.714 3.391
2.400 0.689 3.343
2.500 0.666 3.299
2.600 0.643 3.248
2.700 0.624 3.209
2.800 0.604 3.164
2.900 0.587 3.129
3.000 0.569 3.089
3.100 0.554 3.058
3.200 0.539 3.021
3.300 0.526 2.993
3.400 0.512 2.959
3.500 0.499 2.926
3.600 0.488 2.902
3.700 0.477 2.872
3.800 0.467 2.850
3.900 0.456 2.822
4.000 0.446 2.795
4.100 0.438 2.776
4.200 0.428 2.750
4.300 0.420 2.726
4.400 0.412 2.709
4.500 0.404 2.686
4.600 0.397 2.664
4.700 0.390 2.649
4.800 0.383 2.628
4.900 0.376 2.608
5.000 0.370 2.588
5.100 0.364 2.575
5.200 0.358 2.557
5.300 0.352 2.538
5.400 0.346 2.521
5.500 0.342 2.510
5.600 0.336 2.493
5.700 0.331 2.476
5.800 0.326 2.460
5.900 0.322 2.451
6.000 0.317 2.435
6.100 0.313 2.420
6.200 0.308 2.406
6.300 0.304 2.391
6.400 0.301 2.383
6.500 0.297 2.370
6.600 0.293 2.356
6.700 0.289 2.343
6.800 0.285 2.330
6.900 0.282 2.323
7.000 0.279 2.311
7.100 0.275 2.299
7.200 0.272 2.287
7.300 0.269 2.275
7.400 0.266 2.264
7.500 0.263 2.258
7.600 0.260 2.247
7.700 0.257 2.236
7.800 0.254 2.226
7.900 0.252 2.215
8.000 0.249 2.205
8.100 0.247 2.200
8.200 0.244 2.191
8.300 0.242 2.181
8.400 0.239 2.171
8.500 0.237 2.162
8.600 0.234 2.152
8.700 0.232 2.143
8.800 0.230 2.140
8.900 0.228 2.131
9.000 0.226 2.122
9.100 0.224 2.113
9.200 0.222 2.105
9.300 0.219 2.096
9.400 0.217 2.088
9.500 0.215 2.080
9.600 0.214 2.077
9.700 0.212 2.069
9.800 0.210 2.062
9.900 0.208 2.054
10.000 0.207 2.046
