0.100 12.247 12.130
0.200 5.340 7.480
0.300 3.591 6.161
0.400 2.761 5.468
0.500 2.260 5.006
0.600 1.925 4.669
0.700 1.681 4.405
0.800 1.498 4.197
0.900 1.352 4.018
1.000 1.235 3.869
1.100 1.139 3.742
1.200 1.059 3.632
1.300 0.988 3.527
1.400 0.927 3.434
1.500 0.873 3.350
1.600 0.829 3.283
1.700 0.787 3.215
1.800 0.748 3.144
1.900 0.715 3.087
2.000 0.685 3.034
2.100 0.658 2.985
2.200 0.633 2.940
2.300 0.609 2.891
2.400 0.588 2.851
2.500 0.568 2.814
2.600 0.549 2.773
2.700 0.532 2.740
2.800 0.516 2.703
2.900 0.501 2.674
3.000 0.488 2.647
3.100 0.474 2.614
3.200 0.462 2.590
3.300 0.450 2.560
3.400 0.438 2.532
3.500 0.428 2.511
3.600 0.418 2.484
3.700 0.409 2.465
3.800 0.400 2.441
3.900 0.391 2.418
4.000 0.383 2.401
4.100 0.375 2.379
4.200 0.367 2.358
4.300 0.361 2.343
4.400 0.354 2.323
4.500 0.347 2.304
4.600 0.341 2.291
4.700 0.335 2.273
4.800 0.329 2.255
4.900 0.324 2.244
5.000 0.318 2.227
5.100 0.313 2.211
5.200 0.307 2.195
5.300 0.303 2.185
5.400 0.298 2.170
5.500 0.293 2.156
5.600 0.289 2.141
5.700 0.285 2.133
5.800 0.281 2.119
5.900 0.277 2.106
6.000 0.273 2.093
6.100 0.269 2.080
6.200 0.266 2.073
6.300 0.262 2.061
6.400 0.259 2.049
6.500 0.255 2.038
6.600 0.252 2.026
6.700 0.249 2.020
6.800 0.246 2.009
6.900 0.243 1.999
7.000 0.240 1.988
7.100 0.237 1.978
7.200 0.234 1.968
7.300 0.232 1.963
7.400 0.229 1.953
7.500 0.227 1.944
7.600 0.224 1.934
7.700 0.221 1.925
7.800 0.219 1.916
7.900 0.217 1.912
8.000 0.215 1.903
8.100 0.213 1.895
8.200 0.210 1.886
8.300 0.208 1.878
8.400 0.206 1.870
8.500 0.204 1.862
8.600 0.202 1.858
8.700 0.200 1.850
8.800 0.198 1.843
8.900 0.196 1.835
9.000 0.195 1.828
9.100 0.193 1.820
9.200 0.191 1.813
9.300 0.190 1.811
9.400 0.188 1.804
9.500 0.186 1.797
9.600 0.184 1.790
9.700 0.183 1.783
9.800 0.181 1.777
9.900 0.180 1.770
10.000 0.178 1.764
