0.100 4.260 4.219
0.200 2.352 3.295
0.300 1.683 2.888
0.400 1.332 2.639
0.500 1.113 2.465
0.600 0.960 2.328
0.700 0.846 2.217
0.800 0.760 2.129
0.900 0.692 2.056
1.000 0.635 1.990
1.100 0.589 1.934
1.200 0.548 1.880
1.300 0.514 1.836
1.400 0.484 1.793
1.500 0.459 1.759
1.600 0.435 1.724
1.700 0.414 1.691
1.800 0.395 1.662
1.900 0.379 1.635
2.000 0.362 1.605
2.100 0.349 1.582
2.200 0.336 1.560
2.300 0.324 1.540
2.400 0.313 1.517
2.500 0.303 1.499
2.600 0.293 1.479
2.700 0.284 1.463
2.800 0.276 1.448
2.900 0.268 1.431
3.000 0.261 1.417
3.100 0.254 1.401
3.200 0.247 1.385
3.300 0.242 1.374
3.400 0.235 1.360
3.500 0.230 1.349
3.600 0.225 1.336
3.700 0.220 1.323
3.800 0.215 1.314
3.900 0.211 1.303
4.000 0.206 1.291
4.100 0.202 1.283
4.200 0.198 1.273
4.300 0.194 1.262
4.400 0.191 1.255
4.500 0.187 1.245
4.600 0.184 1.236
4.700 0.181 1.227
4.800 0.178 1.221
4.900 0.175 1.212
5.000 0.172 1.204
5.100 0.169 1.195
5.200 0.167 1.190
5.300 0.164 1.182
5.400 0.161 1.175
5.500 0.159 1.167
5.600 0.157 1.160
5.700 0.155 1.156
5.800 0.152 1.149
5.900 0.150 1.142
6.000 0.148 1.136
6.100 0.146 1.129
6.200 0.144 1.123
6.300 0.142 1.119
6.400 0.141 1.113
6.500 0.139 1.107
6.600 0.137 1.102
6.700 0.135 1.096
6.800 0.133 1.090
6.900 0.132 1.088
7.000 0.131 1.082
7.100 0.129 1.077
7.200 0.128 1.072
7.300 0.126 1.067
7.400 0.125 1.062
7.500 0.123 1.057
7.600 0.122 1.055
7.700 0.121 1.050
7.800 0.120 1.046
7.900 0.118 1.041
8.000 0.117 1.037
8.100 0.116 1.032
8.200 0.115 1.028
8.300 0.113 1.024
8.400 0.113 1.022
8.500 0.111 1.018
8.600 0.110 1.014
8.700 0.109 1.010
8.800 0.108 1.006
8.900 0.107 1.002
9.000 0.106 0.999
9.100 0.105 0.995
9.200 0.104 0.991
9.300 0.103 0.988
9.400 0.103 0.987
9.500 0.102 0.983
9.600 0.101 0.980
9.700 0.100 0.976
9.800 0.099 0.973
9.900 0.098 0.970
10.000 0.098 0.966
