0.100 4.392 4.350
0.200 2.423 3.394
0.300 1.733 2.973
0.400 1.371 2.715
0.500 1.142 2.528
0.600 0.987 2.394
0.700 0.870 2.279
0.800 0.781 2.188
0.900 0.709 2.108
1.000 0.653 2.045
1.100 0.605 1.987
1.200 0.563 1.931
1.300 0.528 1.886
1.400 0.497 1.842
1.500 0.470 1.802
1.600 0.446 1.766
1.700 0.424 1.733
1.800 0.405 1.702
1.900 0.388 1.674
2.000 0.372 1.648
2.100 0.358 1.624
2.200 0.345 1.602
2.300 0.332 1.577
2.400 0.321 1.558
2.500 0.311 1.539
2.600 0.301 1.518
2.700 0.292 1.502
2.800 0.283 1.483
2.900 0.275 1.469
3.000 0.268 1.451
3.100 0.261 1.438
3.200 0.254 1.422
3.300 0.248 1.411
3.400 0.242 1.396
3.500 0.236 1.382
3.600 0.231 1.372
3.700 0.226 1.359
3.800 0.220 1.346
3.900 0.216 1.337
4.000 0.212 1.325
4.100 0.207 1.314
4.200 0.204 1.306
4.300 0.199 1.296
4.400 0.196 1.285
4.500 0.192 1.278
4.600 0.189 1.269
4.700 0.185 1.259
4.800 0.182 1.250
4.900 0.179 1.244
5.000 0.176 1.235
5.100 0.173 1.227
5.200 0.171 1.219
5.300 0.168 1.214
5.400 0.166 1.206
5.500 0.163 1.198
5.600 0.161 1.191
5.700 0.158 1.184
5.800 0.156 1.179
5.900 0.154 1.172
6.000 0.152 1.166
6.100 0.150 1.159
6.200 0.148 1.152
6.300 0.146 1.146
6.400 0.144 1.143
6.500 0.142 1.137
6.600 0.141 1.131
6.700 0.139 1.125
6.800 0.137 1.119
6.900 0.135 1.114
7.000 0.134 1.111
7.100 0.132 1.106
7.200 0.131 1.100
7.300 0.129 1.095
7.400 0.128 1.090
7.500 0.126 1.085
7.600 0.125 1.080
7.700 0.124 1.078
7.800 0.123 1.073
7.900 0.121 1.069
8.000 0.120 1.064
8.100 0.119 1.059
8.200 0.118 1.055
8.300 0.116 1.051
8.400 0.115 1.046
8.500 0.114 1.042
8.600 0.113 1.041
8.700 0.112 1.037
8.800 0.111 1.033
8.900 0.110 1.029
9.000 0.109 1.025
9.100 0.108 1.021
9.200 0.107 1.017
9.300 0.106 1.014
9.400 0.105 1.010
9.500 0.105 1.009
9.600 0.104 1.005
9.700 0.103 1.002
9.800 0.102 0.998
9.900 0.101 0.995
10.000 0.100 0.992
