0.100 12.399 12.281
0.200 5.392 7.553
0.300 3.644 6.251
0.400 2.800 5.546
0.500 2.292 5.076
0.600 1.952 4.735
0.700 1.705 4.467
0.800 1.519 4.256
0.900 1.371 4.075
1.000 1.252 3.923
1.100 1.155 3.794
1.200 1.071 3.673
1.300 1.001 3.576
1.400 0.939 3.481
1.500 0.885 3.397
1.600 0.838 3.320
1.700 0.796 3.251
1.800 0.759 3.187
1.900 0.725 3.129
2.000 0.694 3.076
2.100 0.667 3.026
2.200 0.642 2.980
2.300 0.617 2.930
2.400 0.596 2.890
2.500 0.576 2.853
2.600 0.557 2.811
2.700 0.540 2.778
2.800 0.523 2.740
2.900 0.508 2.710
3.000 0.493 2.676
3.100 0.481 2.650
3.200 0.467 2.618
3.300 0.456 2.595
3.400 0.444 2.566
3.500 0.434 2.545
3.600 0.424 2.518
3.700 0.414 2.492
3.800 0.405 2.474
3.900 0.396 2.450
4.000 0.388 2.433
4.100 0.380 2.411
4.200 0.372 2.389
4.300 0.366 2.375
4.400 0.358 2.354
4.500 0.351 2.335
4.600 0.346 2.322
4.700 0.339 2.303
4.800 0.333 2.285
4.900 0.327 2.268
5.000 0.322 2.257
5.100 0.317 2.240
5.200 0.311 2.224
5.300 0.306 2.209
5.400 0.302 2.199
5.500 0.297 2.184
5.600 0.293 2.170
5.700 0.288 2.156
5.800 0.285 2.147
5.900 0.280 2.134
6.000 0.276 2.121
6.100 0.272 2.108
6.200 0.269 2.095
6.300 0.266 2.088
6.400 0.262 2.076
6.500 0.259 2.065
6.600 0.255 2.053
6.700 0.252 2.042
6.800 0.249 2.036
6.900 0.246 2.025
7.000 0.243 2.014
7.100 0.240 2.004
7.200 0.237 1.994
7.300 0.235 1.989
7.400 0.232 1.979
7.500 0.230 1.969
7.600 0.227 1.959
7.700 0.224 1.950
7.800 0.222 1.941
7.900 0.219 1.932
8.000 0.218 1.928
8.100 0.215 1.919
8.200 0.213 1.911
8.300 0.211 1.902
8.400 0.209 1.894
8.500 0.207 1.886
8.600 0.204 1.878
8.700 0.203 1.874
8.800 0.201 1.867
8.900 0.199 1.859
9.000 0.197 1.851
9.100 0.195 1.844
9.200 0.193 1.837
9.300 0.192 1.829
9.400 0.190 1.827
9.500 0.189 1.820
9.600 0.187 1.813
9.700 0.185 1.806
9.800 0.184 1.799
9.900 0.182 1.793
10.000 0.180 1.786
