0.100 9.618 9.526
0.200 4.536 6.353
0.300 3.101 5.319
0.400 2.398 4.751
0.500 1.973 4.369
0.600 1.685 4.087
0.700 1.475 3.864
0.800 1.317 3.688
0.900 1.190 3.536
1.000 1.088 3.408
1.100 1.004 3.300
1.200 0.932 3.197
1.300 0.872 3.115
1.400 0.819 3.035
1.500 0.772 2.963
1.600 0.731 2.898
1.700 0.697 2.846
1.800 0.663 2.785
1.900 0.634 2.735
2.000 0.607 2.690
2.100 0.583 2.648
2.200 0.561 2.608
2.300 0.541 2.572
2.400 0.522 2.531
2.500 0.505 2.499
2.600 0.488 2.463
2.700 0.473 2.434
2.800 0.459 2.408
2.900 0.446 2.377
3.000 0.434 2.353
3.100 0.422 2.325
3.200 0.411 2.303
3.300 0.400 2.277
3.400 0.391 2.258
3.500 0.381 2.234
3.600 0.372 2.211
3.700 0.364 2.194
3.800 0.356 2.173
3.900 0.349 2.158
4.000 0.341 2.138
4.100 0.334 2.118
4.200 0.328 2.105
4.300 0.321 2.087
4.400 0.315 2.070
4.500 0.310 2.058
4.600 0.304 2.041
4.700 0.298 2.025
4.800 0.293 2.010
4.900 0.288 2.000
5.000 0.283 1.985
5.100 0.279 1.971
5.200 0.274 1.957
5.300 0.270 1.948
5.400 0.266 1.935
5.500 0.262 1.922
5.600 0.258 1.910
5.700 0.254 1.902
5.800 0.251 1.890
5.900 0.247 1.878
6.000 0.243 1.867
6.100 0.240 1.860
6.200 0.237 1.849
6.300 0.234 1.839
6.400 0.231 1.828
6.500 0.228 1.818
6.600 0.225 1.812
6.700 0.222 1.803
6.800 0.220 1.793
6.900 0.217 1.783
7.000 0.214 1.774
7.100 0.211 1.765
7.200 0.209 1.761
7.300 0.207 1.752
7.400 0.205 1.743
7.500 0.202 1.735
7.600 0.200 1.726
7.700 0.198 1.718
7.800 0.196 1.715
7.900 0.194 1.707
8.000 0.192 1.699
8.100 0.190 1.691
8.200 0.188 1.684
8.300 0.186 1.676
8.400 0.184 1.669
8.500 0.182 1.666
8.600 0.181 1.659
8.700 0.179 1.652
8.800 0.177 1.645
8.900 0.175 1.639
9.000 0.174 1.632
9.100 0.172 1.626
9.200 0.170 1.619
9.300 0.169 1.617
9.400 0.168 1.611
9.500 0.166 1.605
9.600 0.165 1.599
9.700 0.163 1.593
9.800 0.162 1.587
9.900 0.160 1.581
10.000 0.159 1.575
