0.100 7.669 7.595
0.200 3.629 5.083
0.300 2.486 4.265
0.400 1.931 3.826
0.500 1.591 3.523
0.600 1.361 3.301
0.700 1.196 3.134
0.800 1.069 2.995
0.900 0.968 2.875
1.000 0.886 2.774
1.100 0.818 2.688
1.200 0.762 2.614
1.300 0.712 2.542
1.400 0.670 2.485
1.500 0.633 2.427
1.600 0.600 2.375
1.700 0.570 2.328
1.800 0.544 2.285
1.900 0.520 2.246
2.000 0.499 2.209
2.100 0.479 2.175
2.200 0.461 2.144
2.300 0.444 2.109
2.400 0.429 2.082
2.500 0.415 2.056
2.600 0.401 2.026
2.700 0.389 2.004
2.800 0.378 1.982
2.900 0.367 1.957
3.000 0.357 1.938
3.100 0.347 1.915
3.200 0.339 1.898
3.300 0.330 1.876
3.400 0.322 1.861
3.500 0.314 1.841
3.600 0.307 1.823
3.700 0.300 1.809
3.800 0.293 1.792
3.900 0.288 1.779
4.000 0.281 1.763
4.100 0.276 1.747
4.200 0.271 1.736
4.300 0.265 1.722
4.400 0.260 1.707
4.500 0.255 1.693
4.600 0.251 1.684
4.700 0.246 1.671
4.800 0.242 1.658
4.900 0.238 1.650
5.000 0.234 1.638
5.100 0.230 1.626
5.200 0.226 1.615
5.300 0.223 1.608
5.400 0.219 1.597
5.500 0.216 1.587
5.600 0.213 1.576
5.700 0.210 1.570
5.800 0.207 1.560
5.900 0.204 1.551
6.000 0.201 1.541
6.100 0.198 1.532
6.200 0.196 1.527
6.300 0.193 1.518
6.400 0.190 1.509
6.500 0.188 1.501
6.600 0.186 1.493
6.700 0.184 1.488
6.800 0.181 1.480
6.900 0.179 1.473
7.000 0.177 1.465
7.100 0.175 1.457
7.200 0.173 1.450
7.300 0.171 1.446
7.400 0.169 1.439
7.500 0.167 1.432
7.600 0.165 1.425
7.700 0.163 1.419
7.800 0.161 1.412
7.900 0.160 1.406
8.000 0.158 1.403
8.100 0.157 1.396
8.200 0.155 1.390
8.300 0.153 1.384
8.400 0.152 1.378
8.500 0.150 1.372
8.600 0.149 1.367
8.700 0.147 1.361
8.800 0.146 1.359
8.900 0.145 1.353
9.000 0.143 1.348
9.100 0.142 1.342
9.200 0.141 1.337
9.300 0.139 1.332
9.400 0.138 1.327
9.500 0.137 1.322
9.600 0.136 1.320
9.700 0.135 1.315
9.800 0.134 1.310
9.900 0.132 1.305
10.000 0.131 1.301
