0.100 3.256 3.225
0.200 1.864 2.611
0.300 1.350 2.317
0.400 1.076 2.131
0.500 0.900 1.994
0.600 0.781 1.894
0.700 0.690 1.808
0.800 0.621 1.739
0.900 0.565 1.678
1.000 0.519 1.626
1.100 0.481 1.581
1.200 0.449 1.542
1.300 0.421 1.504
1.400 0.397 1.470
1.500 0.376 1.442
1.600 0.357 1.414
1.700 0.340 1.389
1.800 0.325 1.365
1.900 0.310 1.340
2.000 0.298 1.320
2.100 0.287 1.301
2.200 0.276 1.284
2.300 0.266 1.264
2.400 0.257 1.249
2.500 0.249 1.232
2.600 0.241 1.219
2.700 0.234 1.203
2.800 0.227 1.191
2.900 0.221 1.177
3.000 0.215 1.166
3.100 0.209 1.154
3.200 0.204 1.144
3.300 0.199 1.132
3.400 0.194 1.121
3.500 0.190 1.113
3.600 0.185 1.102
3.700 0.181 1.092
3.800 0.178 1.085
3.900 0.174 1.075
4.000 0.170 1.066
4.100 0.167 1.060
4.200 0.164 1.052
4.300 0.161 1.043
4.400 0.158 1.035
4.500 0.155 1.030
4.600 0.152 1.023
4.700 0.150 1.015
4.800 0.147 1.008
4.900 0.145 1.004
5.000 0.142 0.997
5.100 0.140 0.991
5.200 0.138 0.984
5.300 0.136 0.978
5.400 0.134 0.975
5.500 0.132 0.969
5.600 0.130 0.963
5.700 0.128 0.958
5.800 0.126 0.952
5.900 0.125 0.949
6.000 0.123 0.944
6.100 0.121 0.939
6.200 0.120 0.934
6.300 0.118 0.929
6.400 0.117 0.925
6.500 0.115 0.920
6.600 0.114 0.918
6.700 0.113 0.913
6.800 0.111 0.909
6.900 0.110 0.905
7.000 0.109 0.901
7.100 0.107 0.896
7.200 0.106 0.892
7.300 0.105 0.891
7.400 0.104 0.887
7.500 0.103 0.883
7.600 0.102 0.880
7.700 0.101 0.876
7.800 0.100 0.872
7.900 0.099 0.869
8.000 0.098 0.865
8.100 0.097 0.862
8.200 0.096 0.861
8.300 0.095 0.858
8.400 0.094 0.855
8.500 0.093 0.851
8.600 0.092 0.848
8.700 0.091 0.845
8.800 0.091 0.842
8.900 0.090 0.839
9.000 0.089 0.837
9.100 0.088 0.834
9.200 0.088 0.833
9.300 0.087 0.830
9.400 0.086 0.828
9.500 0.085 0.825
9.600 0.085 0.822
9.700 0.084 0.820
9.800 0.083 0.817
9.900 0.083 0.815
10.000 0.082 0.812
