0.100 9.022 8.936
0.200 4.250 5.953
0.300 2.920 5.009
0.400 2.258 4.473
0.500 1.857 4.112
0.600 1.586 3.847
0.700 1.388 3.638
0.800 1.240 3.474
0.900 1.121 3.331
1.000 1.025 3.212
1.100 0.947 3.110
1.200 0.881 3.022
1.300 0.823 2.937
1.400 0.774 2.870
1.500 0.730 2.802
1.600 0.692 2.741
1.700 0.658 2.686
1.800 0.627 2.635
1.900 0.600 2.589
2.000 0.575 2.546
2.100 0.552 2.506
2.200 0.530 2.463
2.300 0.511 2.429
2.400 0.494 2.397
2.500 0.477 2.361
2.600 0.462 2.332
2.700 0.448 2.306
2.800 0.434 2.275
2.900 0.422 2.252
3.000 0.410 2.224
3.100 0.399 2.203
3.200 0.389 2.177
3.300 0.379 2.158
3.400 0.370 2.135
3.500 0.361 2.117
3.600 0.353 2.096
3.700 0.344 2.075
3.800 0.337 2.060
3.900 0.330 2.040
4.000 0.323 2.022
4.100 0.317 2.009
4.200 0.310 1.991
4.300 0.304 1.974
4.400 0.299 1.963
4.500 0.293 1.947
4.600 0.287 1.931
4.700 0.283 1.921
4.800 0.278 1.906
4.900 0.273 1.892
5.000 0.268 1.878
5.100 0.264 1.869
5.200 0.260 1.856
5.300 0.256 1.844
5.400 0.252 1.836
5.500 0.248 1.824
5.600 0.244 1.812
5.700 0.241 1.800
5.800 0.237 1.789
5.900 0.234 1.782
6.000 0.231 1.771
6.100 0.228 1.761
6.200 0.224 1.751
6.300 0.221 1.741
6.400 0.219 1.735
6.500 0.216 1.725
6.600 0.213 1.716
6.700 0.210 1.707
6.800 0.208 1.697
6.900 0.206 1.693
7.000 0.203 1.684
7.100 0.201 1.675
7.200 0.198 1.667
7.300 0.196 1.659
7.400 0.194 1.651
7.500 0.192 1.647
7.600 0.190 1.639
7.700 0.188 1.631
7.800 0.186 1.624
7.900 0.184 1.616
8.000 0.182 1.609
8.100 0.180 1.602
8.200 0.178 1.599
8.300 0.176 1.592
8.400 0.175 1.585
8.500 0.173 1.578
8.600 0.171 1.572
8.700 0.169 1.565
8.800 0.168 1.559
8.900 0.167 1.556
9.000 0.165 1.550
9.100 0.163 1.544
9.200 0.162 1.538
9.300 0.160 1.532
9.400 0.159 1.526
9.500 0.157 1.520
9.600 0.156 1.515
9.700 0.155 1.509
9.800 0.154 1.507
9.900 0.152 1.502
10.000 0.151 1.496
