0.100 12.329 12.211
0.200 5.362 7.511
0.300 3.618 6.207
0.400 2.782 5.510
0.500 2.278 5.045
0.600 1.940 4.706
0.700 1.694 4.440
0.800 1.510 4.230
0.900 1.363 4.050
1.000 1.245 3.899
1.100 1.148 3.771
1.200 1.064 3.651
1.300 0.995 3.555
1.400 0.934 3.461
1.500 0.880 3.377
1.600 0.833 3.301
1.700 0.791 3.232
1.800 0.754 3.169
1.900 0.721 3.111
2.000 0.690 3.058
2.100 0.663 3.009
2.200 0.638 2.963
2.300 0.613 2.913
2.400 0.592 2.873
2.500 0.573 2.836
2.600 0.553 2.794
2.700 0.537 2.762
2.800 0.520 2.724
2.900 0.505 2.695
3.000 0.490 2.661
3.100 0.478 2.635
3.200 0.465 2.603
3.300 0.453 2.580
3.400 0.442 2.551
3.500 0.432 2.530
3.600 0.421 2.504
3.700 0.412 2.484
3.800 0.403 2.460
3.900 0.394 2.436
4.000 0.386 2.419
4.100 0.378 2.397
4.200 0.370 2.376
4.300 0.364 2.361
4.400 0.356 2.341
4.500 0.349 2.322
4.600 0.344 2.309
4.700 0.337 2.290
4.800 0.331 2.273
4.900 0.325 2.255
5.000 0.320 2.244
5.100 0.315 2.228
5.200 0.310 2.212
5.300 0.305 2.196
5.400 0.300 2.187
5.500 0.296 2.172
5.600 0.291 2.158
5.700 0.287 2.144
5.800 0.283 2.135
5.900 0.279 2.122
6.000 0.275 2.109
6.100 0.271 2.096
6.200 0.268 2.089
6.300 0.264 2.077
6.400 0.261 2.065
6.500 0.257 2.053
6.600 0.254 2.042
6.700 0.251 2.036
6.800 0.248 2.025
6.900 0.245 2.014
7.000 0.242 2.003
7.100 0.239 1.993
7.200 0.236 1.983
7.300 0.234 1.978
7.400 0.231 1.968
7.500 0.228 1.958
7.600 0.226 1.949
7.700 0.223 1.939
7.800 0.221 1.930
7.900 0.219 1.926
8.000 0.216 1.917
8.100 0.214 1.909
8.200 0.212 1.900
8.300 0.210 1.892
8.400 0.207 1.883
8.500 0.205 1.875
8.600 0.204 1.872
8.700 0.202 1.864
8.800 0.200 1.857
8.900 0.198 1.849
9.000 0.196 1.841
9.100 0.194 1.834
9.200 0.192 1.827
9.300 0.190 1.819
9.400 0.189 1.817
9.500 0.187 1.810
9.600 0.186 1.803
9.700 0.184 1.796
9.800 0.183 1.790
9.900 0.181 1.783
10.000 0.179 1.777
