0.100 22.066 21.855
0.200 7.291 10.212
0.300 4.746 8.142
0.400 3.580 7.091
0.500 2.905 6.435
0.600 2.461 5.971
0.700 2.144 5.619
0.800 1.902 5.327
0.900 1.717 5.102
1.000 1.562 4.891
1.100 1.438 4.723
1.200 1.334 4.577
1.300 1.243 4.439
1.400 1.165 4.317
1.500 1.097 4.208
1.600 1.037 4.109
1.700 0.984 4.020
1.800 0.937 3.938
1.900 0.895 3.863
2.000 0.857 3.795
2.100 0.822 3.731
2.200 0.788 3.663
2.300 0.760 3.608
2.400 0.733 3.557
2.500 0.707 3.500
2.600 0.684 3.455
2.700 0.662 3.405
2.800 0.642 3.365
2.900 0.622 3.319
3.000 0.605 3.284
3.100 0.588 3.243
3.200 0.573 3.211
3.300 0.558 3.173
3.400 0.544 3.144
3.500 0.531 3.109
3.600 0.519 3.084
3.700 0.506 3.051
3.800 0.495 3.020
3.900 0.485 2.998
4.000 0.474 2.969
4.100 0.464 2.941
4.200 0.455 2.921
4.300 0.446 2.895
4.400 0.437 2.870
4.500 0.429 2.852
4.600 0.421 2.829
4.700 0.413 2.806
4.800 0.406 2.783
4.900 0.399 2.768
5.000 0.392 2.747
5.100 0.385 2.727
5.200 0.380 2.714
5.300 0.374 2.694
5.400 0.368 2.675
5.500 0.362 2.657
5.600 0.356 2.639
5.700 0.351 2.628
5.800 0.346 2.610
5.900 0.341 2.594
6.000 0.336 2.577
6.100 0.332 2.568
6.200 0.327 2.552
6.300 0.323 2.537
6.400 0.318 2.522
6.500 0.314 2.507
6.600 0.311 2.499
6.700 0.307 2.485
6.800 0.303 2.471
6.900 0.299 2.458
7.000 0.295 2.445
7.100 0.291 2.432
7.200 0.289 2.425
7.300 0.285 2.413
7.400 0.282 2.400
7.500 0.278 2.388
7.600 0.275 2.376
7.700 0.272 2.365
7.800 0.270 2.360
7.900 0.267 2.348
8.000 0.264 2.337
8.100 0.261 2.327
8.200 0.258 2.316
8.300 0.255 2.305
8.400 0.253 2.301
8.500 0.251 2.291
8.600 0.248 2.281
8.700 0.246 2.271
8.800 0.243 2.262
8.900 0.241 2.252
9.000 0.239 2.243
9.100 0.236 2.234
9.200 0.235 2.230
9.300 0.233 2.221
9.400 0.230 2.212
9.500 0.228 2.204
9.600 0.226 2.195
9.700 0.224 2.187
9.800 0.222 2.178
9.900 0.220 2.170
10.000 0.219 2.168
