0.100 12.962 12.838
0.200 5.635 7.893
0.300 3.796 6.511
0.400 2.912 5.769
0.500 2.385 5.281
0.600 2.030 4.926
0.700 1.773 4.646
0.800 1.580 4.426
0.900 1.426 4.237
1.000 1.302 4.078
1.100 1.200 3.943
1.200 1.112 3.817
1.300 1.040 3.715
1.400 0.976 3.617
1.500 0.920 3.528
1.600 0.870 3.448
1.700 0.827 3.376
1.800 0.788 3.310
1.900 0.753 3.249
2.000 0.721 3.193
2.100 0.692 3.142
2.200 0.664 3.086
2.300 0.640 3.041
2.400 0.618 3.000
2.500 0.596 2.953
2.600 0.577 2.916
2.700 0.560 2.882
2.800 0.542 2.843
2.900 0.527 2.812
3.000 0.512 2.776
3.100 0.498 2.749
3.200 0.485 2.716
3.300 0.473 2.692
3.400 0.461 2.661
3.500 0.449 2.633
3.600 0.439 2.611
3.700 0.429 2.585
3.800 0.420 2.565
3.900 0.411 2.541
4.000 0.402 2.517
4.100 0.394 2.500
4.200 0.386 2.477
4.300 0.378 2.456
4.400 0.372 2.441
4.500 0.364 2.421
4.600 0.357 2.401
4.700 0.352 2.388
4.800 0.345 2.369
4.900 0.339 2.351
5.000 0.333 2.334
5.100 0.328 2.322
5.200 0.323 2.306
5.300 0.318 2.290
5.400 0.312 2.274
5.500 0.308 2.264
5.600 0.303 2.249
5.700 0.299 2.234
5.800 0.294 2.220
5.900 0.291 2.212
6.000 0.286 2.198
6.100 0.282 2.185
6.200 0.278 2.172
6.300 0.275 2.159
6.400 0.272 2.152
6.500 0.268 2.140
6.600 0.264 2.128
6.700 0.261 2.116
6.800 0.258 2.104
6.900 0.255 2.098
7.000 0.252 2.087
7.100 0.249 2.076
7.200 0.246 2.066
7.300 0.243 2.055
7.400 0.240 2.045
7.500 0.238 2.040
7.600 0.235 2.030
7.700 0.232 2.021
7.800 0.230 2.011
7.900 0.227 2.002
8.000 0.225 1.993
8.100 0.223 1.984
8.200 0.221 1.980
8.300 0.218 1.971
8.400 0.216 1.962
8.500 0.214 1.954
8.600 0.212 1.946
8.700 0.210 1.937
8.800 0.208 1.929
8.900 0.206 1.926
9.000 0.204 1.918
9.100 0.202 1.911
9.200 0.200 1.903
9.300 0.198 1.896
9.400 0.197 1.888
9.500 0.195 1.881
9.600 0.193 1.874
9.700 0.192 1.871
9.800 0.190 1.864
9.900 0.188 1.858
10.000 0.187 1.851
