0.100 12.868 12.745
0.200 5.593 7.835
0.300 3.769 6.465
0.400 2.894 5.733
0.500 2.369 5.247
0.600 2.017 4.892
0.700 1.761 4.615
0.800 1.569 4.396
0.900 1.416 4.208
1.000 1.293 4.051
1.100 1.192 3.917
1.200 1.105 3.792
1.300 1.034 3.691
1.400 0.969 3.593
1.500 0.914 3.505
1.600 0.865 3.426
1.700 0.821 3.354
1.800 0.783 3.289
1.900 0.748 3.228
2.000 0.716 3.173
2.100 0.688 3.122
2.200 0.660 3.066
2.300 0.636 3.022
2.400 0.614 2.981
2.500 0.593 2.935
2.600 0.574 2.898
2.700 0.557 2.864
2.800 0.539 2.825
2.900 0.524 2.795
3.000 0.509 2.759
3.100 0.495 2.732
3.200 0.482 2.699
3.300 0.470 2.675
3.400 0.458 2.645
3.500 0.447 2.617
3.600 0.437 2.596
3.700 0.426 2.569
3.800 0.418 2.550
3.900 0.408 2.525
4.000 0.399 2.502
4.100 0.392 2.485
4.200 0.384 2.463
4.300 0.376 2.441
4.400 0.369 2.427
4.500 0.362 2.406
4.600 0.355 2.387
4.700 0.350 2.374
4.800 0.343 2.355
4.900 0.337 2.337
5.000 0.331 2.320
5.100 0.326 2.309
5.200 0.321 2.292
5.300 0.316 2.276
5.400 0.311 2.261
5.500 0.306 2.251
5.600 0.302 2.236
5.700 0.297 2.222
5.800 0.293 2.207
5.900 0.289 2.199
6.000 0.285 2.185
6.100 0.281 2.172
6.200 0.277 2.159
6.300 0.273 2.147
6.400 0.270 2.140
6.500 0.266 2.127
6.600 0.263 2.116
6.700 0.260 2.104
6.800 0.256 2.092
6.900 0.254 2.087
7.000 0.250 2.076
7.100 0.247 2.065
7.200 0.244 2.054
7.300 0.242 2.044
7.400 0.239 2.034
7.500 0.237 2.029
7.600 0.234 2.019
7.700 0.231 2.009
7.800 0.229 2.000
7.900 0.226 1.991
8.000 0.224 1.982
8.100 0.222 1.978
8.200 0.220 1.969
8.300 0.217 1.960
8.400 0.215 1.952
8.500 0.213 1.943
8.600 0.211 1.935
8.700 0.209 1.927
8.800 0.207 1.924
8.900 0.205 1.916
9.000 0.203 1.908
9.100 0.201 1.900
9.200 0.199 1.893
9.300 0.197 1.885
9.400 0.196 1.878
9.500 0.194 1.871
9.600 0.193 1.868
9.700 0.191 1.861
9.800 0.189 1.854
9.900 0.187 1.848
10.000 0.186 1.841
