0.100 20.868 20.669
0.200 6.900 9.665
0.300 4.480 7.686
0.400 3.388 6.711
0.500 2.750 6.090
0.600 2.329 5.649
0.700 2.029 5.317
0.800 1.800 5.041
0.900 1.621 4.817
1.000 1.478 4.630
1.100 1.361 4.471
1.200 1.263 4.334
1.300 1.177 4.204
1.400 1.103 4.089
1.500 1.039 3.986
1.600 0.983 3.893
1.700 0.933 3.809
1.800 0.888 3.732
1.900 0.848 3.662
2.000 0.812 3.597
2.100 0.779 3.537
2.200 0.747 3.473
2.300 0.720 3.421
2.400 0.695 3.373
2.500 0.670 3.320
2.600 0.649 3.277
2.700 0.629 3.238
2.800 0.609 3.192
2.900 0.592 3.157
3.000 0.574 3.116
3.100 0.559 3.085
3.200 0.544 3.047
3.300 0.531 3.019
3.400 0.517 2.985
3.500 0.504 2.952
3.600 0.493 2.927
3.700 0.481 2.897
3.800 0.471 2.875
3.900 0.460 2.846
4.000 0.450 2.819
4.100 0.441 2.800
4.200 0.432 2.774
4.300 0.423 2.750
4.400 0.416 2.733
4.500 0.408 2.709
4.600 0.400 2.687
4.700 0.392 2.665
4.800 0.386 2.651
4.900 0.379 2.630
5.000 0.373 2.610
5.100 0.367 2.597
5.200 0.361 2.578
5.300 0.355 2.560
5.400 0.349 2.542
5.500 0.345 2.531
5.600 0.339 2.514
5.700 0.334 2.497
5.800 0.329 2.481
5.900 0.324 2.465
6.000 0.320 2.456
6.100 0.316 2.441
6.200 0.311 2.426
6.300 0.307 2.411
6.400 0.303 2.403
6.500 0.299 2.389
6.600 0.295 2.376
6.700 0.291 2.362
6.800 0.288 2.350
6.900 0.284 2.337
7.000 0.281 2.330
7.100 0.278 2.318
7.200 0.274 2.306
7.300 0.271 2.294
7.400 0.268 2.282
7.500 0.265 2.277
7.600 0.262 2.266
7.700 0.259 2.255
7.800 0.257 2.244
7.900 0.254 2.233
8.000 0.251 2.223
8.100 0.248 2.213
8.200 0.246 2.208
8.300 0.244 2.198
8.400 0.241 2.188
8.500 0.239 2.179
8.600 0.236 2.169
8.700 0.234 2.160
8.800 0.232 2.151
8.900 0.230 2.148
9.000 0.228 2.139
9.100 0.225 2.130
9.200 0.223 2.121
9.300 0.221 2.113
9.400 0.219 2.104
9.500 0.217 2.096
9.600 0.215 2.088
9.700 0.214 2.085
9.800 0.212 2.078
9.900 0.210 2.070
10.000 0.208 2.062
