0.100 21.542 21.336
0.200 7.119 9.971
0.300 4.634 7.950
0.400 3.496 6.925
0.500 2.837 6.283
0.600 2.402 5.827
0.700 2.092 5.482
0.800 1.856 5.199
0.900 1.676 4.981
1.000 1.524 4.775
1.100 1.404 4.611
1.200 1.303 4.470
1.300 1.214 4.335
1.400 1.138 4.216
1.500 1.071 4.110
1.600 1.013 4.014
1.700 0.962 3.927
1.800 0.916 3.848
1.900 0.874 3.775
2.000 0.837 3.708
2.100 0.803 3.646
2.200 0.771 3.580
2.300 0.742 3.526
2.400 0.716 3.477
2.500 0.691 3.421
2.600 0.669 3.378
2.700 0.647 3.328
2.800 0.628 3.290
2.900 0.610 3.253
3.000 0.592 3.211
3.100 0.576 3.178
3.200 0.560 3.139
3.300 0.545 3.102
3.400 0.532 3.075
3.500 0.519 3.040
3.600 0.507 3.015
3.700 0.495 2.984
3.800 0.484 2.953
3.900 0.474 2.931
4.000 0.463 2.903
4.100 0.453 2.876
4.200 0.445 2.857
4.300 0.436 2.831
4.400 0.427 2.807
4.500 0.420 2.790
4.600 0.412 2.767
4.700 0.404 2.744
4.800 0.398 2.729
4.900 0.391 2.708
5.000 0.384 2.687
5.100 0.377 2.667
5.200 0.372 2.654
5.300 0.365 2.635
5.400 0.360 2.617
5.500 0.354 2.599
5.600 0.349 2.588
5.700 0.344 2.570
5.800 0.339 2.554
5.900 0.334 2.537
6.000 0.329 2.528
6.100 0.325 2.512
6.200 0.320 2.497
6.300 0.316 2.482
6.400 0.311 2.467
6.500 0.308 2.459
6.600 0.304 2.445
6.700 0.300 2.431
6.800 0.296 2.418
6.900 0.292 2.405
7.000 0.289 2.392
7.100 0.286 2.385
7.200 0.282 2.373
7.300 0.279 2.361
7.400 0.276 2.349
7.500 0.272 2.337
7.600 0.269 2.325
7.700 0.267 2.320
7.800 0.264 2.309
7.900 0.261 2.298
8.000 0.258 2.287
8.100 0.255 2.276
8.200 0.253 2.266
8.300 0.251 2.262
8.400 0.248 2.252
8.500 0.245 2.242
8.600 0.243 2.232
8.700 0.241 2.222
8.800 0.238 2.213
8.900 0.236 2.204
9.000 0.234 2.200
9.100 0.232 2.191
9.200 0.230 2.182
9.300 0.228 2.174
9.400 0.225 2.165
9.500 0.223 2.157
9.600 0.221 2.148
9.700 0.219 2.140
9.800 0.218 2.137
9.900 0.216 2.129
10.000 0.214 2.121
