0.100 20.343 20.149
0.200 6.724 9.419
0.300 4.378 7.511
0.400 3.312 6.560
0.500 2.688 5.954
0.600 2.274 5.518
0.700 1.986 5.205
0.800 1.762 4.936
0.900 1.587 4.716
1.000 1.447 4.533
1.100 1.333 4.378
1.200 1.234 4.234
1.300 1.153 4.117
1.400 1.081 4.005
1.500 1.018 3.904
1.600 0.962 3.813
1.700 0.914 3.731
1.800 0.870 3.656
1.900 0.831 3.587
2.000 0.796 3.524
2.100 0.764 3.466
2.200 0.732 3.403
2.300 0.706 3.352
2.400 0.681 3.305
2.500 0.657 3.253
2.600 0.636 3.212
2.700 0.617 3.173
2.800 0.597 3.129
2.900 0.580 3.094
3.000 0.563 3.054
3.100 0.548 3.023
3.200 0.533 2.987
3.300 0.520 2.959
3.400 0.507 2.925
3.500 0.494 2.893
3.600 0.483 2.869
3.700 0.471 2.840
3.800 0.462 2.818
3.900 0.451 2.790
4.000 0.441 2.764
4.100 0.433 2.745
4.200 0.424 2.720
4.300 0.415 2.696
4.400 0.408 2.679
4.500 0.400 2.656
4.600 0.392 2.634
4.700 0.386 2.620
4.800 0.379 2.599
4.900 0.372 2.579
5.000 0.365 2.559
5.100 0.360 2.547
5.200 0.354 2.528
5.300 0.348 2.510
5.400 0.342 2.493
5.500 0.338 2.482
5.600 0.333 2.465
5.700 0.327 2.449
5.800 0.323 2.433
5.900 0.319 2.423
6.000 0.314 2.408
6.100 0.309 2.393
6.200 0.305 2.379
6.300 0.301 2.365
6.400 0.297 2.357
6.500 0.293 2.343
6.600 0.290 2.330
6.700 0.286 2.317
6.800 0.282 2.304
6.900 0.279 2.298
7.000 0.276 2.285
7.100 0.272 2.273
7.200 0.269 2.261
7.300 0.266 2.250
7.400 0.263 2.238
7.500 0.260 2.233
7.600 0.257 2.222
7.700 0.254 2.211
7.800 0.252 2.201
7.900 0.249 2.190
8.000 0.246 2.180
8.100 0.244 2.176
8.200 0.241 2.166
8.300 0.239 2.156
8.400 0.236 2.147
8.500 0.234 2.137
8.600 0.232 2.128
8.700 0.229 2.119
8.800 0.228 2.115
8.900 0.225 2.106
9.000 0.223 2.098
9.100 0.221 2.089
9.200 0.219 2.081
9.300 0.217 2.072
9.400 0.215 2.064
9.500 0.213 2.056
9.600 0.212 2.053
9.700 0.210 2.046
9.800 0.208 2.038
9.900 0.206 2.030
10.000 0.204 2.023
