0.100 20.934 20.734
0.200 6.920 9.693
0.300 4.494 7.709
0.400 3.398 6.731
0.500 2.758 6.109
0.600 2.336 5.667
0.700 2.035 5.333
0.800 1.805 5.057
0.900 1.626 4.832
1.000 1.483 4.644
1.100 1.365 4.485
1.200 1.267 4.348
1.300 1.181 4.217
1.400 1.107 4.102
1.500 1.042 3.998
1.600 0.986 3.905
1.700 0.936 3.821
1.800 0.891 3.744
1.900 0.851 3.673
2.000 0.815 3.608
2.100 0.782 3.548
2.200 0.750 3.483
2.300 0.722 3.432
2.400 0.697 3.383
2.500 0.672 3.330
2.600 0.651 3.288
2.700 0.631 3.248
2.800 0.611 3.202
2.900 0.594 3.167
3.000 0.576 3.126
3.100 0.561 3.094
3.200 0.546 3.057
3.300 0.532 3.028
3.400 0.518 2.994
3.500 0.505 2.961
3.600 0.494 2.936
3.700 0.482 2.906
3.800 0.472 2.884
3.900 0.462 2.855
4.000 0.451 2.828
4.100 0.443 2.808
4.200 0.434 2.783
4.300 0.425 2.758
4.400 0.417 2.741
4.500 0.409 2.718
4.600 0.401 2.695
4.700 0.394 2.673
4.800 0.387 2.659
4.900 0.381 2.638
5.000 0.374 2.618
5.100 0.368 2.605
5.200 0.362 2.586
5.300 0.356 2.568
5.400 0.350 2.550
5.500 0.346 2.539
5.600 0.340 2.522
5.700 0.335 2.505
5.800 0.330 2.489
5.900 0.325 2.473
6.000 0.321 2.463
6.100 0.316 2.448
6.200 0.312 2.433
6.300 0.308 2.419
6.400 0.304 2.411
6.500 0.300 2.397
6.600 0.296 2.383
6.700 0.292 2.370
6.800 0.289 2.357
6.900 0.285 2.344
7.000 0.282 2.337
7.100 0.279 2.325
7.200 0.275 2.313
7.300 0.272 2.301
7.400 0.269 2.289
7.500 0.266 2.284
7.600 0.263 2.272
7.700 0.260 2.261
7.800 0.257 2.251
7.900 0.254 2.240
8.000 0.252 2.229
8.100 0.249 2.219
8.200 0.247 2.215
8.300 0.244 2.205
8.400 0.242 2.195
8.500 0.239 2.185
8.600 0.237 2.176
8.700 0.235 2.167
8.800 0.232 2.158
8.900 0.231 2.154
9.000 0.228 2.145
9.100 0.226 2.136
9.200 0.224 2.128
9.300 0.222 2.119
9.400 0.220 2.111
9.500 0.218 2.103
9.600 0.216 2.094
9.700 0.214 2.092
9.800 0.213 2.084
9.900 0.211 2.076
10.000 0.209 2.068
